2025-02-10T15:57:41.342+01:00  INFO 4648 --- [backendEcommerce] [restartedMain] c.b.bec.BackendEcommerceApplication      : Starting BackendEcommerceApplication using Java 21.0.3 with PID 4648 (C:\Users\utente\Desktop\ProgettoBetacom\backendEcommerce\target\classes started by utente in C:\Users\utente\Desktop\ProgettoBetacom\backendEcommerce)
2025-02-10T15:57:41.356+01:00 DEBUG 4648 --- [backendEcommerce] [restartedMain] c.b.bec.BackendEcommerceApplication      : Running with Spring Boot v3.4.2, Spring v6.2.2
2025-02-10T15:57:41.357+01:00  INFO 4648 --- [backendEcommerce] [restartedMain] c.b.bec.BackendEcommerceApplication      : The following 1 profile is active: "sviluppo"
2025-02-10T15:57:41.450+01:00  INFO 4648 --- [backendEcommerce] [restartedMain] .e.DevToolsPropertyDefaultsPostProcessor : Devtools property defaults active! Set 'spring.devtools.add-properties' to 'false' to disable
2025-02-10T15:57:41.451+01:00  INFO 4648 --- [backendEcommerce] [restartedMain] .e.DevToolsPropertyDefaultsPostProcessor : For additional web related logging consider setting the 'logging.level.web' property to 'DEBUG'
2025-02-10T15:57:42.429+01:00  INFO 4648 --- [backendEcommerce] [restartedMain] .s.d.r.c.RepositoryConfigurationDelegate : Bootstrapping Spring Data JPA repositories in DEFAULT mode.
2025-02-10T15:57:42.553+01:00  INFO 4648 --- [backendEcommerce] [restartedMain] .s.d.r.c.RepositoryConfigurationDelegate : Finished Spring Data repository scanning in 111 ms. Found 8 JPA repository interfaces.
2025-02-10T15:57:43.404+01:00  INFO 4648 --- [backendEcommerce] [restartedMain] o.s.b.w.embedded.tomcat.TomcatWebServer  : Tomcat initialized with port 9090 (http)
2025-02-10T15:57:43.427+01:00  INFO 4648 --- [backendEcommerce] [restartedMain] o.apache.catalina.core.StandardService   : Starting service [Tomcat]
2025-02-10T15:57:43.428+01:00  INFO 4648 --- [backendEcommerce] [restartedMain] o.apache.catalina.core.StandardEngine    : Starting Servlet engine: [Apache Tomcat/10.1.34]
2025-02-10T15:57:43.521+01:00  INFO 4648 --- [backendEcommerce] [restartedMain] o.a.c.c.C.[Tomcat].[localhost].[/]       : Initializing Spring embedded WebApplicationContext
2025-02-10T15:57:43.521+01:00  INFO 4648 --- [backendEcommerce] [restartedMain] w.s.c.ServletWebServerApplicationContext : Root WebApplicationContext: initialization completed in 2069 ms
2025-02-10T15:57:43.695+01:00  INFO 4648 --- [backendEcommerce] [restartedMain] com.zaxxer.hikari.HikariDataSource       : HikariPool-1 - Starting...
2025-02-10T15:57:44.174+01:00  INFO 4648 --- [backendEcommerce] [restartedMain] com.zaxxer.hikari.pool.HikariPool        : HikariPool-1 - Added connection com.mysql.cj.jdbc.ConnectionImpl@27a6aedb
2025-02-10T15:57:44.176+01:00  INFO 4648 --- [backendEcommerce] [restartedMain] com.zaxxer.hikari.HikariDataSource       : HikariPool-1 - Start completed.
2025-02-10T15:57:44.253+01:00  INFO 4648 --- [backendEcommerce] [restartedMain] o.hibernate.jpa.internal.util.LogHelper  : HHH000204: Processing PersistenceUnitInfo [name: default]
2025-02-10T15:57:44.343+01:00  INFO 4648 --- [backendEcommerce] [restartedMain] org.hibernate.Version                    : HHH000412: Hibernate ORM core version 6.6.5.Final
2025-02-10T15:57:44.390+01:00  INFO 4648 --- [backendEcommerce] [restartedMain] o.h.c.internal.RegionFactoryInitiator    : HHH000026: Second-level cache disabled
2025-02-10T15:57:44.787+01:00  INFO 4648 --- [backendEcommerce] [restartedMain] o.s.o.j.p.SpringPersistenceUnitInfo      : No LoadTimeWeaver setup: ignoring JPA class transformer
2025-02-10T15:57:44.926+01:00  INFO 4648 --- [backendEcommerce] [restartedMain] org.hibernate.orm.connections.pooling    : HHH10001005: Database info:
	Database JDBC URL [Connecting through datasource 'HikariDataSource (HikariPool-1)']
	Database driver: undefined/unknown
	Database version: 8.0.39
	Autocommit mode: undefined/unknown
	Isolation level: undefined/unknown
	Minimum pool size: undefined/unknown
	Maximum pool size: undefined/unknown
2025-02-10T15:57:45.174+01:00 ERROR 4648 --- [backendEcommerce] [restartedMain] j.LocalContainerEntityManagerFactoryBean : Failed to initialize JPA EntityManagerFactory: Collection 'com.betacom.bec.models.Prodotto.carrelli' is 'mappedBy' a property named 'prodotto' which does not exist in the target entity 'com.betacom.bec.models.Carrello'
2025-02-10T15:57:45.175+01:00  WARN 4648 --- [backendEcommerce] [restartedMain] ConfigServletWebServerApplicationContext : Exception encountered during context initialization - cancelling refresh attempt: org.springframework.beans.factory.BeanCreationException: Error creating bean with name 'entityManagerFactory' defined in class path resource [org/springframework/boot/autoconfigure/orm/jpa/HibernateJpaConfiguration.class]: Collection 'com.betacom.bec.models.Prodotto.carrelli' is 'mappedBy' a property named 'prodotto' which does not exist in the target entity 'com.betacom.bec.models.Carrello'
2025-02-10T15:57:45.177+01:00  INFO 4648 --- [backendEcommerce] [restartedMain] com.zaxxer.hikari.HikariDataSource       : HikariPool-1 - Shutdown initiated...
2025-02-10T15:57:45.185+01:00  INFO 4648 --- [backendEcommerce] [restartedMain] com.zaxxer.hikari.HikariDataSource       : HikariPool-1 - Shutdown completed.
2025-02-10T15:57:45.188+01:00  INFO 4648 --- [backendEcommerce] [restartedMain] o.apache.catalina.core.StandardService   : Stopping service [Tomcat]
2025-02-10T15:57:45.202+01:00  INFO 4648 --- [backendEcommerce] [restartedMain] .s.b.a.l.ConditionEvaluationReportLogger : 

Error starting ApplicationContext. To display the condition evaluation report re-run your application with 'debug' enabled.
2025-02-10T15:57:45.231+01:00 ERROR 4648 --- [backendEcommerce] [restartedMain] o.s.boot.SpringApplication               : Application run failed

org.springframework.beans.factory.BeanCreationException: Error creating bean with name 'entityManagerFactory' defined in class path resource [org/springframework/boot/autoconfigure/orm/jpa/HibernateJpaConfiguration.class]: Collection 'com.betacom.bec.models.Prodotto.carrelli' is 'mappedBy' a property named 'prodotto' which does not exist in the target entity 'com.betacom.bec.models.Carrello'
	at org.springframework.beans.factory.support.AbstractAutowireCapableBeanFactory.initializeBean(AbstractAutowireCapableBeanFactory.java:1812) ~[spring-beans-6.2.2.jar:6.2.2]
	at org.springframework.beans.factory.support.AbstractAutowireCapableBeanFactory.doCreateBean(AbstractAutowireCapableBeanFactory.java:601) ~[spring-beans-6.2.2.jar:6.2.2]
	at org.springframework.beans.factory.support.AbstractAutowireCapableBeanFactory.createBean(AbstractAutowireCapableBeanFactory.java:523) ~[spring-beans-6.2.2.jar:6.2.2]
	at org.springframework.beans.factory.support.AbstractBeanFactory.lambda$doGetBean$0(AbstractBeanFactory.java:336) ~[spring-beans-6.2.2.jar:6.2.2]
	at org.springframework.beans.factory.support.DefaultSingletonBeanRegistry.getSingleton(DefaultSingletonBeanRegistry.java:307) ~[spring-beans-6.2.2.jar:6.2.2]
	at org.springframework.beans.factory.support.AbstractBeanFactory.doGetBean(AbstractBeanFactory.java:334) ~[spring-beans-6.2.2.jar:6.2.2]
	at org.springframework.beans.factory.support.AbstractBeanFactory.getBean(AbstractBeanFactory.java:204) ~[spring-beans-6.2.2.jar:6.2.2]
	at org.springframework.context.support.AbstractApplicationContext.finishBeanFactoryInitialization(AbstractApplicationContext.java:970) ~[spring-context-6.2.2.jar:6.2.2]
	at org.springframework.context.support.AbstractApplicationContext.refresh(AbstractApplicationContext.java:627) ~[spring-context-6.2.2.jar:6.2.2]
	at org.springframework.boot.web.servlet.context.ServletWebServerApplicationContext.refresh(ServletWebServerApplicationContext.java:146) ~[spring-boot-3.4.2.jar:3.4.2]
	at org.springframework.boot.SpringApplication.refresh(SpringApplication.java:752) ~[spring-boot-3.4.2.jar:3.4.2]
	at org.springframework.boot.SpringApplication.refreshContext(SpringApplication.java:439) ~[spring-boot-3.4.2.jar:3.4.2]
	at org.springframework.boot.SpringApplication.run(SpringApplication.java:318) ~[spring-boot-3.4.2.jar:3.4.2]
	at org.springframework.boot.SpringApplication.run(SpringApplication.java:1361) ~[spring-boot-3.4.2.jar:3.4.2]
	at org.springframework.boot.SpringApplication.run(SpringApplication.java:1350) ~[spring-boot-3.4.2.jar:3.4.2]
	at com.betacom.bec.BackendEcommerceApplication.main(BackendEcommerceApplication.java:15) ~[classes/:na]
	at java.base/jdk.internal.reflect.DirectMethodHandleAccessor.invoke(DirectMethodHandleAccessor.java:103) ~[na:na]
	at java.base/java.lang.reflect.Method.invoke(Method.java:580) ~[na:na]
	at org.springframework.boot.devtools.restart.RestartLauncher.run(RestartLauncher.java:50) ~[spring-boot-devtools-3.4.2.jar:3.4.2]
Caused by: org.hibernate.AnnotationException: Collection 'com.betacom.bec.models.Prodotto.carrelli' is 'mappedBy' a property named 'prodotto' which does not exist in the target entity 'com.betacom.bec.models.Carrello'
	at org.hibernate.boot.model.internal.CollectionBinder.isReversePropertyInJoin(CollectionBinder.java:1638) ~[hibernate-core-6.6.5.Final.jar:6.6.5.Final]
	at org.hibernate.boot.model.internal.CollectionBinder.noAssociationTable(CollectionBinder.java:1652) ~[hibernate-core-6.6.5.Final.jar:6.6.5.Final]
	at org.hibernate.boot.model.internal.CollectionBinder.bindStarToManySecondPass(CollectionBinder.java:1613) ~[hibernate-core-6.6.5.Final.jar:6.6.5.Final]
	at org.hibernate.boot.model.internal.CollectionBinder$1.secondPass(CollectionBinder.java:1604) ~[hibernate-core-6.6.5.Final.jar:6.6.5.Final]
	at org.hibernate.boot.model.internal.CollectionSecondPass.doSecondPass(CollectionSecondPass.java:45) ~[hibernate-core-6.6.5.Final.jar:6.6.5.Final]
	at org.hibernate.boot.internal.InFlightMetadataCollectorImpl.processSecondPasses(InFlightMetadataCollectorImpl.java:1842) ~[hibernate-core-6.6.5.Final.jar:6.6.5.Final]
	at org.hibernate.boot.internal.InFlightMetadataCollectorImpl.processSecondPasses(InFlightMetadataCollectorImpl.java:1800) ~[hibernate-core-6.6.5.Final.jar:6.6.5.Final]
	at org.hibernate.boot.model.process.spi.MetadataBuildingProcess.complete(MetadataBuildingProcess.java:334) ~[hibernate-core-6.6.5.Final.jar:6.6.5.Final]
	at org.hibernate.jpa.boot.internal.EntityManagerFactoryBuilderImpl.metadata(EntityManagerFactoryBuilderImpl.java:1431) ~[hibernate-core-6.6.5.Final.jar:6.6.5.Final]
	at org.hibernate.jpa.boot.internal.EntityManagerFactoryBuilderImpl.build(EntityManagerFactoryBuilderImpl.java:1502) ~[hibernate-core-6.6.5.Final.jar:6.6.5.Final]
	at org.springframework.orm.jpa.vendor.SpringHibernateJpaPersistenceProvider.createContainerEntityManagerFactory(SpringHibernateJpaPersistenceProvider.java:66) ~[spring-orm-6.2.2.jar:6.2.2]
	at org.springframework.orm.jpa.LocalContainerEntityManagerFactoryBean.createNativeEntityManagerFactory(LocalContainerEntityManagerFactoryBean.java:390) ~[spring-orm-6.2.2.jar:6.2.2]
	at org.springframework.orm.jpa.AbstractEntityManagerFactoryBean.buildNativeEntityManagerFactory(AbstractEntityManagerFactoryBean.java:419) ~[spring-orm-6.2.2.jar:6.2.2]
	at org.springframework.orm.jpa.AbstractEntityManagerFactoryBean.afterPropertiesSet(AbstractEntityManagerFactoryBean.java:400) ~[spring-orm-6.2.2.jar:6.2.2]
	at org.springframework.orm.jpa.LocalContainerEntityManagerFactoryBean.afterPropertiesSet(LocalContainerEntityManagerFactoryBean.java:366) ~[spring-orm-6.2.2.jar:6.2.2]
	at org.springframework.beans.factory.support.AbstractAutowireCapableBeanFactory.invokeInitMethods(AbstractAutowireCapableBeanFactory.java:1859) ~[spring-beans-6.2.2.jar:6.2.2]
	at org.springframework.beans.factory.support.AbstractAutowireCapableBeanFactory.initializeBean(AbstractAutowireCapableBeanFactory.java:1808) ~[spring-beans-6.2.2.jar:6.2.2]
	... 18 common frames omitted

2025-02-10T16:05:05.404+01:00  INFO 21036 --- [backendEcommerce] [restartedMain] c.b.bec.BackendEcommerceApplication      : Starting BackendEcommerceApplication using Java 21.0.3 with PID 21036 (C:\Users\utente\Desktop\ProgettoBetacom\backendEcommerce\target\classes started by utente in C:\Users\utente\Desktop\ProgettoBetacom\backendEcommerce)
2025-02-10T16:05:05.406+01:00 DEBUG 21036 --- [backendEcommerce] [restartedMain] c.b.bec.BackendEcommerceApplication      : Running with Spring Boot v3.4.2, Spring v6.2.2
2025-02-10T16:05:05.408+01:00  INFO 21036 --- [backendEcommerce] [restartedMain] c.b.bec.BackendEcommerceApplication      : The following 1 profile is active: "sviluppo"
2025-02-10T16:05:05.455+01:00  INFO 21036 --- [backendEcommerce] [restartedMain] .e.DevToolsPropertyDefaultsPostProcessor : Devtools property defaults active! Set 'spring.devtools.add-properties' to 'false' to disable
2025-02-10T16:05:05.455+01:00  INFO 21036 --- [backendEcommerce] [restartedMain] .e.DevToolsPropertyDefaultsPostProcessor : For additional web related logging consider setting the 'logging.level.web' property to 'DEBUG'
2025-02-10T16:05:06.295+01:00  INFO 21036 --- [backendEcommerce] [restartedMain] .s.d.r.c.RepositoryConfigurationDelegate : Bootstrapping Spring Data JPA repositories in DEFAULT mode.
2025-02-10T16:05:06.410+01:00  INFO 21036 --- [backendEcommerce] [restartedMain] .s.d.r.c.RepositoryConfigurationDelegate : Finished Spring Data repository scanning in 104 ms. Found 8 JPA repository interfaces.
2025-02-10T16:05:07.155+01:00  INFO 21036 --- [backendEcommerce] [restartedMain] o.s.b.w.embedded.tomcat.TomcatWebServer  : Tomcat initialized with port 9090 (http)
2025-02-10T16:05:07.171+01:00  INFO 21036 --- [backendEcommerce] [restartedMain] o.apache.catalina.core.StandardService   : Starting service [Tomcat]
2025-02-10T16:05:07.171+01:00  INFO 21036 --- [backendEcommerce] [restartedMain] o.apache.catalina.core.StandardEngine    : Starting Servlet engine: [Apache Tomcat/10.1.34]
2025-02-10T16:05:07.227+01:00  INFO 21036 --- [backendEcommerce] [restartedMain] o.a.c.c.C.[Tomcat].[localhost].[/]       : Initializing Spring embedded WebApplicationContext
2025-02-10T16:05:07.227+01:00  INFO 21036 --- [backendEcommerce] [restartedMain] w.s.c.ServletWebServerApplicationContext : Root WebApplicationContext: initialization completed in 1772 ms
2025-02-10T16:05:07.387+01:00  INFO 21036 --- [backendEcommerce] [restartedMain] com.zaxxer.hikari.HikariDataSource       : HikariPool-1 - Starting...
2025-02-10T16:05:07.842+01:00  INFO 21036 --- [backendEcommerce] [restartedMain] com.zaxxer.hikari.pool.HikariPool        : HikariPool-1 - Added connection com.mysql.cj.jdbc.ConnectionImpl@4e36a4cb
2025-02-10T16:05:07.845+01:00  INFO 21036 --- [backendEcommerce] [restartedMain] com.zaxxer.hikari.HikariDataSource       : HikariPool-1 - Start completed.
2025-02-10T16:05:07.924+01:00  INFO 21036 --- [backendEcommerce] [restartedMain] o.hibernate.jpa.internal.util.LogHelper  : HHH000204: Processing PersistenceUnitInfo [name: default]
2025-02-10T16:05:08.006+01:00  INFO 21036 --- [backendEcommerce] [restartedMain] org.hibernate.Version                    : HHH000412: Hibernate ORM core version 6.6.5.Final
2025-02-10T16:05:08.045+01:00  INFO 21036 --- [backendEcommerce] [restartedMain] o.h.c.internal.RegionFactoryInitiator    : HHH000026: Second-level cache disabled
2025-02-10T16:05:08.372+01:00  INFO 21036 --- [backendEcommerce] [restartedMain] o.s.o.j.p.SpringPersistenceUnitInfo      : No LoadTimeWeaver setup: ignoring JPA class transformer
2025-02-10T16:05:08.493+01:00  INFO 21036 --- [backendEcommerce] [restartedMain] org.hibernate.orm.connections.pooling    : HHH10001005: Database info:
	Database JDBC URL [Connecting through datasource 'HikariDataSource (HikariPool-1)']
	Database driver: undefined/unknown
	Database version: 8.0.39
	Autocommit mode: undefined/unknown
	Isolation level: undefined/unknown
	Minimum pool size: undefined/unknown
	Maximum pool size: undefined/unknown
2025-02-10T16:05:08.707+01:00 ERROR 21036 --- [backendEcommerce] [restartedMain] j.LocalContainerEntityManagerFactoryBean : Failed to initialize JPA EntityManagerFactory: Collection 'com.betacom.bec.models.Prodotto.carrelli' is 'mappedBy' a property named 'carrello' which does not exist in the target entity 'com.betacom.bec.models.Carrello'
2025-02-10T16:05:08.707+01:00  WARN 21036 --- [backendEcommerce] [restartedMain] ConfigServletWebServerApplicationContext : Exception encountered during context initialization - cancelling refresh attempt: org.springframework.beans.factory.BeanCreationException: Error creating bean with name 'entityManagerFactory' defined in class path resource [org/springframework/boot/autoconfigure/orm/jpa/HibernateJpaConfiguration.class]: Collection 'com.betacom.bec.models.Prodotto.carrelli' is 'mappedBy' a property named 'carrello' which does not exist in the target entity 'com.betacom.bec.models.Carrello'
2025-02-10T16:05:08.709+01:00  INFO 21036 --- [backendEcommerce] [restartedMain] com.zaxxer.hikari.HikariDataSource       : HikariPool-1 - Shutdown initiated...
2025-02-10T16:05:08.716+01:00  INFO 21036 --- [backendEcommerce] [restartedMain] com.zaxxer.hikari.HikariDataSource       : HikariPool-1 - Shutdown completed.
2025-02-10T16:05:08.719+01:00  INFO 21036 --- [backendEcommerce] [restartedMain] o.apache.catalina.core.StandardService   : Stopping service [Tomcat]
2025-02-10T16:05:08.732+01:00  INFO 21036 --- [backendEcommerce] [restartedMain] .s.b.a.l.ConditionEvaluationReportLogger : 

Error starting ApplicationContext. To display the condition evaluation report re-run your application with 'debug' enabled.
2025-02-10T16:05:08.751+01:00 ERROR 21036 --- [backendEcommerce] [restartedMain] o.s.boot.SpringApplication               : Application run failed

org.springframework.beans.factory.BeanCreationException: Error creating bean with name 'entityManagerFactory' defined in class path resource [org/springframework/boot/autoconfigure/orm/jpa/HibernateJpaConfiguration.class]: Collection 'com.betacom.bec.models.Prodotto.carrelli' is 'mappedBy' a property named 'carrello' which does not exist in the target entity 'com.betacom.bec.models.Carrello'
	at org.springframework.beans.factory.support.AbstractAutowireCapableBeanFactory.initializeBean(AbstractAutowireCapableBeanFactory.java:1812) ~[spring-beans-6.2.2.jar:6.2.2]
	at org.springframework.beans.factory.support.AbstractAutowireCapableBeanFactory.doCreateBean(AbstractAutowireCapableBeanFactory.java:601) ~[spring-beans-6.2.2.jar:6.2.2]
	at org.springframework.beans.factory.support.AbstractAutowireCapableBeanFactory.createBean(AbstractAutowireCapableBeanFactory.java:523) ~[spring-beans-6.2.2.jar:6.2.2]
	at org.springframework.beans.factory.support.AbstractBeanFactory.lambda$doGetBean$0(AbstractBeanFactory.java:336) ~[spring-beans-6.2.2.jar:6.2.2]
	at org.springframework.beans.factory.support.DefaultSingletonBeanRegistry.getSingleton(DefaultSingletonBeanRegistry.java:307) ~[spring-beans-6.2.2.jar:6.2.2]
	at org.springframework.beans.factory.support.AbstractBeanFactory.doGetBean(AbstractBeanFactory.java:334) ~[spring-beans-6.2.2.jar:6.2.2]
	at org.springframework.beans.factory.support.AbstractBeanFactory.getBean(AbstractBeanFactory.java:204) ~[spring-beans-6.2.2.jar:6.2.2]
	at org.springframework.context.support.AbstractApplicationContext.finishBeanFactoryInitialization(AbstractApplicationContext.java:970) ~[spring-context-6.2.2.jar:6.2.2]
	at org.springframework.context.support.AbstractApplicationContext.refresh(AbstractApplicationContext.java:627) ~[spring-context-6.2.2.jar:6.2.2]
	at org.springframework.boot.web.servlet.context.ServletWebServerApplicationContext.refresh(ServletWebServerApplicationContext.java:146) ~[spring-boot-3.4.2.jar:3.4.2]
	at org.springframework.boot.SpringApplication.refresh(SpringApplication.java:752) ~[spring-boot-3.4.2.jar:3.4.2]
	at org.springframework.boot.SpringApplication.refreshContext(SpringApplication.java:439) ~[spring-boot-3.4.2.jar:3.4.2]
	at org.springframework.boot.SpringApplication.run(SpringApplication.java:318) ~[spring-boot-3.4.2.jar:3.4.2]
	at org.springframework.boot.SpringApplication.run(SpringApplication.java:1361) ~[spring-boot-3.4.2.jar:3.4.2]
	at org.springframework.boot.SpringApplication.run(SpringApplication.java:1350) ~[spring-boot-3.4.2.jar:3.4.2]
	at com.betacom.bec.BackendEcommerceApplication.main(BackendEcommerceApplication.java:15) ~[classes/:na]
	at java.base/jdk.internal.reflect.DirectMethodHandleAccessor.invoke(DirectMethodHandleAccessor.java:103) ~[na:na]
	at java.base/java.lang.reflect.Method.invoke(Method.java:580) ~[na:na]
	at org.springframework.boot.devtools.restart.RestartLauncher.run(RestartLauncher.java:50) ~[spring-boot-devtools-3.4.2.jar:3.4.2]
Caused by: org.hibernate.AnnotationException: Collection 'com.betacom.bec.models.Prodotto.carrelli' is 'mappedBy' a property named 'carrello' which does not exist in the target entity 'com.betacom.bec.models.Carrello'
	at org.hibernate.boot.model.internal.CollectionBinder.isReversePropertyInJoin(CollectionBinder.java:1638) ~[hibernate-core-6.6.5.Final.jar:6.6.5.Final]
	at org.hibernate.boot.model.internal.CollectionBinder.noAssociationTable(CollectionBinder.java:1652) ~[hibernate-core-6.6.5.Final.jar:6.6.5.Final]
	at org.hibernate.boot.model.internal.CollectionBinder.bindStarToManySecondPass(CollectionBinder.java:1613) ~[hibernate-core-6.6.5.Final.jar:6.6.5.Final]
	at org.hibernate.boot.model.internal.CollectionBinder$1.secondPass(CollectionBinder.java:1604) ~[hibernate-core-6.6.5.Final.jar:6.6.5.Final]
	at org.hibernate.boot.model.internal.CollectionSecondPass.doSecondPass(CollectionSecondPass.java:45) ~[hibernate-core-6.6.5.Final.jar:6.6.5.Final]
	at org.hibernate.boot.internal.InFlightMetadataCollectorImpl.processSecondPasses(InFlightMetadataCollectorImpl.java:1842) ~[hibernate-core-6.6.5.Final.jar:6.6.5.Final]
	at org.hibernate.boot.internal.InFlightMetadataCollectorImpl.processSecondPasses(InFlightMetadataCollectorImpl.java:1800) ~[hibernate-core-6.6.5.Final.jar:6.6.5.Final]
	at org.hibernate.boot.model.process.spi.MetadataBuildingProcess.complete(MetadataBuildingProcess.java:334) ~[hibernate-core-6.6.5.Final.jar:6.6.5.Final]
	at org.hibernate.jpa.boot.internal.EntityManagerFactoryBuilderImpl.metadata(EntityManagerFactoryBuilderImpl.java:1431) ~[hibernate-core-6.6.5.Final.jar:6.6.5.Final]
	at org.hibernate.jpa.boot.internal.EntityManagerFactoryBuilderImpl.build(EntityManagerFactoryBuilderImpl.java:1502) ~[hibernate-core-6.6.5.Final.jar:6.6.5.Final]
	at org.springframework.orm.jpa.vendor.SpringHibernateJpaPersistenceProvider.createContainerEntityManagerFactory(SpringHibernateJpaPersistenceProvider.java:66) ~[spring-orm-6.2.2.jar:6.2.2]
	at org.springframework.orm.jpa.LocalContainerEntityManagerFactoryBean.createNativeEntityManagerFactory(LocalContainerEntityManagerFactoryBean.java:390) ~[spring-orm-6.2.2.jar:6.2.2]
	at org.springframework.orm.jpa.AbstractEntityManagerFactoryBean.buildNativeEntityManagerFactory(AbstractEntityManagerFactoryBean.java:419) ~[spring-orm-6.2.2.jar:6.2.2]
	at org.springframework.orm.jpa.AbstractEntityManagerFactoryBean.afterPropertiesSet(AbstractEntityManagerFactoryBean.java:400) ~[spring-orm-6.2.2.jar:6.2.2]
	at org.springframework.orm.jpa.LocalContainerEntityManagerFactoryBean.afterPropertiesSet(LocalContainerEntityManagerFactoryBean.java:366) ~[spring-orm-6.2.2.jar:6.2.2]
	at org.springframework.beans.factory.support.AbstractAutowireCapableBeanFactory.invokeInitMethods(AbstractAutowireCapableBeanFactory.java:1859) ~[spring-beans-6.2.2.jar:6.2.2]
	at org.springframework.beans.factory.support.AbstractAutowireCapableBeanFactory.initializeBean(AbstractAutowireCapableBeanFactory.java:1808) ~[spring-beans-6.2.2.jar:6.2.2]
	... 18 common frames omitted

2025-02-10T16:05:54.298+01:00  INFO 24084 --- [backendEcommerce] [restartedMain] c.b.bec.BackendEcommerceApplication      : Starting BackendEcommerceApplication using Java 21.0.3 with PID 24084 (C:\Users\utente\Desktop\ProgettoBetacom\backendEcommerce\target\classes started by utente in C:\Users\utente\Desktop\ProgettoBetacom\backendEcommerce)
2025-02-10T16:05:54.301+01:00 DEBUG 24084 --- [backendEcommerce] [restartedMain] c.b.bec.BackendEcommerceApplication      : Running with Spring Boot v3.4.2, Spring v6.2.2
2025-02-10T16:05:54.302+01:00  INFO 24084 --- [backendEcommerce] [restartedMain] c.b.bec.BackendEcommerceApplication      : The following 1 profile is active: "sviluppo"
2025-02-10T16:05:54.370+01:00  INFO 24084 --- [backendEcommerce] [restartedMain] .e.DevToolsPropertyDefaultsPostProcessor : Devtools property defaults active! Set 'spring.devtools.add-properties' to 'false' to disable
2025-02-10T16:05:54.371+01:00  INFO 24084 --- [backendEcommerce] [restartedMain] .e.DevToolsPropertyDefaultsPostProcessor : For additional web related logging consider setting the 'logging.level.web' property to 'DEBUG'
2025-02-10T16:05:55.236+01:00  INFO 24084 --- [backendEcommerce] [restartedMain] .s.d.r.c.RepositoryConfigurationDelegate : Bootstrapping Spring Data JPA repositories in DEFAULT mode.
2025-02-10T16:05:55.347+01:00  INFO 24084 --- [backendEcommerce] [restartedMain] .s.d.r.c.RepositoryConfigurationDelegate : Finished Spring Data repository scanning in 99 ms. Found 8 JPA repository interfaces.
2025-02-10T16:05:56.092+01:00  INFO 24084 --- [backendEcommerce] [restartedMain] o.s.b.w.embedded.tomcat.TomcatWebServer  : Tomcat initialized with port 9090 (http)
2025-02-10T16:05:56.109+01:00  INFO 24084 --- [backendEcommerce] [restartedMain] o.apache.catalina.core.StandardService   : Starting service [Tomcat]
2025-02-10T16:05:56.110+01:00  INFO 24084 --- [backendEcommerce] [restartedMain] o.apache.catalina.core.StandardEngine    : Starting Servlet engine: [Apache Tomcat/10.1.34]
2025-02-10T16:05:56.165+01:00  INFO 24084 --- [backendEcommerce] [restartedMain] o.a.c.c.C.[Tomcat].[localhost].[/]       : Initializing Spring embedded WebApplicationContext
2025-02-10T16:05:56.165+01:00  INFO 24084 --- [backendEcommerce] [restartedMain] w.s.c.ServletWebServerApplicationContext : Root WebApplicationContext: initialization completed in 1793 ms
2025-02-10T16:05:56.321+01:00  INFO 24084 --- [backendEcommerce] [restartedMain] com.zaxxer.hikari.HikariDataSource       : HikariPool-1 - Starting...
2025-02-10T16:05:56.715+01:00  INFO 24084 --- [backendEcommerce] [restartedMain] com.zaxxer.hikari.pool.HikariPool        : HikariPool-1 - Added connection com.mysql.cj.jdbc.ConnectionImpl@288ebba1
2025-02-10T16:05:56.718+01:00  INFO 24084 --- [backendEcommerce] [restartedMain] com.zaxxer.hikari.HikariDataSource       : HikariPool-1 - Start completed.
2025-02-10T16:05:56.782+01:00  INFO 24084 --- [backendEcommerce] [restartedMain] o.hibernate.jpa.internal.util.LogHelper  : HHH000204: Processing PersistenceUnitInfo [name: default]
2025-02-10T16:05:56.861+01:00  INFO 24084 --- [backendEcommerce] [restartedMain] org.hibernate.Version                    : HHH000412: Hibernate ORM core version 6.6.5.Final
2025-02-10T16:05:56.898+01:00  INFO 24084 --- [backendEcommerce] [restartedMain] o.h.c.internal.RegionFactoryInitiator    : HHH000026: Second-level cache disabled
2025-02-10T16:05:57.234+01:00  INFO 24084 --- [backendEcommerce] [restartedMain] o.s.o.j.p.SpringPersistenceUnitInfo      : No LoadTimeWeaver setup: ignoring JPA class transformer
2025-02-10T16:05:57.368+01:00  INFO 24084 --- [backendEcommerce] [restartedMain] org.hibernate.orm.connections.pooling    : HHH10001005: Database info:
	Database JDBC URL [Connecting through datasource 'HikariDataSource (HikariPool-1)']
	Database driver: undefined/unknown
	Database version: 8.0.39
	Autocommit mode: undefined/unknown
	Isolation level: undefined/unknown
	Minimum pool size: undefined/unknown
	Maximum pool size: undefined/unknown
2025-02-10T16:05:57.582+01:00 ERROR 24084 --- [backendEcommerce] [restartedMain] j.LocalContainerEntityManagerFactoryBean : Failed to initialize JPA EntityManagerFactory: Collection 'com.betacom.bec.models.Prodotto.carrelli' is 'mappedBy' a property named 'prodotto' which does not exist in the target entity 'com.betacom.bec.models.Carrello'
2025-02-10T16:05:57.583+01:00  WARN 24084 --- [backendEcommerce] [restartedMain] ConfigServletWebServerApplicationContext : Exception encountered during context initialization - cancelling refresh attempt: org.springframework.beans.factory.BeanCreationException: Error creating bean with name 'entityManagerFactory' defined in class path resource [org/springframework/boot/autoconfigure/orm/jpa/HibernateJpaConfiguration.class]: Collection 'com.betacom.bec.models.Prodotto.carrelli' is 'mappedBy' a property named 'prodotto' which does not exist in the target entity 'com.betacom.bec.models.Carrello'
2025-02-10T16:05:57.585+01:00  INFO 24084 --- [backendEcommerce] [restartedMain] com.zaxxer.hikari.HikariDataSource       : HikariPool-1 - Shutdown initiated...
2025-02-10T16:05:57.594+01:00  INFO 24084 --- [backendEcommerce] [restartedMain] com.zaxxer.hikari.HikariDataSource       : HikariPool-1 - Shutdown completed.
2025-02-10T16:05:57.596+01:00  INFO 24084 --- [backendEcommerce] [restartedMain] o.apache.catalina.core.StandardService   : Stopping service [Tomcat]
2025-02-10T16:05:57.607+01:00  INFO 24084 --- [backendEcommerce] [restartedMain] .s.b.a.l.ConditionEvaluationReportLogger : 

Error starting ApplicationContext. To display the condition evaluation report re-run your application with 'debug' enabled.
2025-02-10T16:05:57.627+01:00 ERROR 24084 --- [backendEcommerce] [restartedMain] o.s.boot.SpringApplication               : Application run failed

org.springframework.beans.factory.BeanCreationException: Error creating bean with name 'entityManagerFactory' defined in class path resource [org/springframework/boot/autoconfigure/orm/jpa/HibernateJpaConfiguration.class]: Collection 'com.betacom.bec.models.Prodotto.carrelli' is 'mappedBy' a property named 'prodotto' which does not exist in the target entity 'com.betacom.bec.models.Carrello'
	at org.springframework.beans.factory.support.AbstractAutowireCapableBeanFactory.initializeBean(AbstractAutowireCapableBeanFactory.java:1812) ~[spring-beans-6.2.2.jar:6.2.2]
	at org.springframework.beans.factory.support.AbstractAutowireCapableBeanFactory.doCreateBean(AbstractAutowireCapableBeanFactory.java:601) ~[spring-beans-6.2.2.jar:6.2.2]
	at org.springframework.beans.factory.support.AbstractAutowireCapableBeanFactory.createBean(AbstractAutowireCapableBeanFactory.java:523) ~[spring-beans-6.2.2.jar:6.2.2]
	at org.springframework.beans.factory.support.AbstractBeanFactory.lambda$doGetBean$0(AbstractBeanFactory.java:336) ~[spring-beans-6.2.2.jar:6.2.2]
	at org.springframework.beans.factory.support.DefaultSingletonBeanRegistry.getSingleton(DefaultSingletonBeanRegistry.java:307) ~[spring-beans-6.2.2.jar:6.2.2]
	at org.springframework.beans.factory.support.AbstractBeanFactory.doGetBean(AbstractBeanFactory.java:334) ~[spring-beans-6.2.2.jar:6.2.2]
	at org.springframework.beans.factory.support.AbstractBeanFactory.getBean(AbstractBeanFactory.java:204) ~[spring-beans-6.2.2.jar:6.2.2]
	at org.springframework.context.support.AbstractApplicationContext.finishBeanFactoryInitialization(AbstractApplicationContext.java:970) ~[spring-context-6.2.2.jar:6.2.2]
	at org.springframework.context.support.AbstractApplicationContext.refresh(AbstractApplicationContext.java:627) ~[spring-context-6.2.2.jar:6.2.2]
	at org.springframework.boot.web.servlet.context.ServletWebServerApplicationContext.refresh(ServletWebServerApplicationContext.java:146) ~[spring-boot-3.4.2.jar:3.4.2]
	at org.springframework.boot.SpringApplication.refresh(SpringApplication.java:752) ~[spring-boot-3.4.2.jar:3.4.2]
	at org.springframework.boot.SpringApplication.refreshContext(SpringApplication.java:439) ~[spring-boot-3.4.2.jar:3.4.2]
	at org.springframework.boot.SpringApplication.run(SpringApplication.java:318) ~[spring-boot-3.4.2.jar:3.4.2]
	at org.springframework.boot.SpringApplication.run(SpringApplication.java:1361) ~[spring-boot-3.4.2.jar:3.4.2]
	at org.springframework.boot.SpringApplication.run(SpringApplication.java:1350) ~[spring-boot-3.4.2.jar:3.4.2]
	at com.betacom.bec.BackendEcommerceApplication.main(BackendEcommerceApplication.java:15) ~[classes/:na]
	at java.base/jdk.internal.reflect.DirectMethodHandleAccessor.invoke(DirectMethodHandleAccessor.java:103) ~[na:na]
	at java.base/java.lang.reflect.Method.invoke(Method.java:580) ~[na:na]
	at org.springframework.boot.devtools.restart.RestartLauncher.run(RestartLauncher.java:50) ~[spring-boot-devtools-3.4.2.jar:3.4.2]
Caused by: org.hibernate.AnnotationException: Collection 'com.betacom.bec.models.Prodotto.carrelli' is 'mappedBy' a property named 'prodotto' which does not exist in the target entity 'com.betacom.bec.models.Carrello'
	at org.hibernate.boot.model.internal.CollectionBinder.isReversePropertyInJoin(CollectionBinder.java:1638) ~[hibernate-core-6.6.5.Final.jar:6.6.5.Final]
	at org.hibernate.boot.model.internal.CollectionBinder.noAssociationTable(CollectionBinder.java:1652) ~[hibernate-core-6.6.5.Final.jar:6.6.5.Final]
	at org.hibernate.boot.model.internal.CollectionBinder.bindStarToManySecondPass(CollectionBinder.java:1613) ~[hibernate-core-6.6.5.Final.jar:6.6.5.Final]
	at org.hibernate.boot.model.internal.CollectionBinder$1.secondPass(CollectionBinder.java:1604) ~[hibernate-core-6.6.5.Final.jar:6.6.5.Final]
	at org.hibernate.boot.model.internal.CollectionSecondPass.doSecondPass(CollectionSecondPass.java:45) ~[hibernate-core-6.6.5.Final.jar:6.6.5.Final]
	at org.hibernate.boot.internal.InFlightMetadataCollectorImpl.processSecondPasses(InFlightMetadataCollectorImpl.java:1842) ~[hibernate-core-6.6.5.Final.jar:6.6.5.Final]
	at org.hibernate.boot.internal.InFlightMetadataCollectorImpl.processSecondPasses(InFlightMetadataCollectorImpl.java:1800) ~[hibernate-core-6.6.5.Final.jar:6.6.5.Final]
	at org.hibernate.boot.model.process.spi.MetadataBuildingProcess.complete(MetadataBuildingProcess.java:334) ~[hibernate-core-6.6.5.Final.jar:6.6.5.Final]
	at org.hibernate.jpa.boot.internal.EntityManagerFactoryBuilderImpl.metadata(EntityManagerFactoryBuilderImpl.java:1431) ~[hibernate-core-6.6.5.Final.jar:6.6.5.Final]
	at org.hibernate.jpa.boot.internal.EntityManagerFactoryBuilderImpl.build(EntityManagerFactoryBuilderImpl.java:1502) ~[hibernate-core-6.6.5.Final.jar:6.6.5.Final]
	at org.springframework.orm.jpa.vendor.SpringHibernateJpaPersistenceProvider.createContainerEntityManagerFactory(SpringHibernateJpaPersistenceProvider.java:66) ~[spring-orm-6.2.2.jar:6.2.2]
	at org.springframework.orm.jpa.LocalContainerEntityManagerFactoryBean.createNativeEntityManagerFactory(LocalContainerEntityManagerFactoryBean.java:390) ~[spring-orm-6.2.2.jar:6.2.2]
	at org.springframework.orm.jpa.AbstractEntityManagerFactoryBean.buildNativeEntityManagerFactory(AbstractEntityManagerFactoryBean.java:419) ~[spring-orm-6.2.2.jar:6.2.2]
	at org.springframework.orm.jpa.AbstractEntityManagerFactoryBean.afterPropertiesSet(AbstractEntityManagerFactoryBean.java:400) ~[spring-orm-6.2.2.jar:6.2.2]
	at org.springframework.orm.jpa.LocalContainerEntityManagerFactoryBean.afterPropertiesSet(LocalContainerEntityManagerFactoryBean.java:366) ~[spring-orm-6.2.2.jar:6.2.2]
	at org.springframework.beans.factory.support.AbstractAutowireCapableBeanFactory.invokeInitMethods(AbstractAutowireCapableBeanFactory.java:1859) ~[spring-beans-6.2.2.jar:6.2.2]
	at org.springframework.beans.factory.support.AbstractAutowireCapableBeanFactory.initializeBean(AbstractAutowireCapableBeanFactory.java:1808) ~[spring-beans-6.2.2.jar:6.2.2]
	... 18 common frames omitted

2025-02-10T16:08:40.508+01:00  INFO 28112 --- [backendEcommerce] [restartedMain] c.b.bec.BackendEcommerceApplication      : Starting BackendEcommerceApplication using Java 21.0.3 with PID 28112 (C:\Users\utente\Desktop\ProgettoBetacom\backendEcommerce\target\classes started by utente in C:\Users\utente\Desktop\ProgettoBetacom\backendEcommerce)
2025-02-10T16:08:40.511+01:00 DEBUG 28112 --- [backendEcommerce] [restartedMain] c.b.bec.BackendEcommerceApplication      : Running with Spring Boot v3.4.2, Spring v6.2.2
2025-02-10T16:08:40.512+01:00  INFO 28112 --- [backendEcommerce] [restartedMain] c.b.bec.BackendEcommerceApplication      : The following 1 profile is active: "sviluppo"
2025-02-10T16:08:40.560+01:00  INFO 28112 --- [backendEcommerce] [restartedMain] .e.DevToolsPropertyDefaultsPostProcessor : Devtools property defaults active! Set 'spring.devtools.add-properties' to 'false' to disable
2025-02-10T16:08:40.560+01:00  INFO 28112 --- [backendEcommerce] [restartedMain] .e.DevToolsPropertyDefaultsPostProcessor : For additional web related logging consider setting the 'logging.level.web' property to 'DEBUG'
2025-02-10T16:08:41.353+01:00  INFO 28112 --- [backendEcommerce] [restartedMain] .s.d.r.c.RepositoryConfigurationDelegate : Bootstrapping Spring Data JPA repositories in DEFAULT mode.
2025-02-10T16:08:41.477+01:00  INFO 28112 --- [backendEcommerce] [restartedMain] .s.d.r.c.RepositoryConfigurationDelegate : Finished Spring Data repository scanning in 112 ms. Found 8 JPA repository interfaces.
2025-02-10T16:08:42.223+01:00  INFO 28112 --- [backendEcommerce] [restartedMain] o.s.b.w.embedded.tomcat.TomcatWebServer  : Tomcat initialized with port 9090 (http)
2025-02-10T16:08:42.243+01:00  INFO 28112 --- [backendEcommerce] [restartedMain] o.apache.catalina.core.StandardService   : Starting service [Tomcat]
2025-02-10T16:08:42.243+01:00  INFO 28112 --- [backendEcommerce] [restartedMain] o.apache.catalina.core.StandardEngine    : Starting Servlet engine: [Apache Tomcat/10.1.34]
2025-02-10T16:08:42.303+01:00  INFO 28112 --- [backendEcommerce] [restartedMain] o.a.c.c.C.[Tomcat].[localhost].[/]       : Initializing Spring embedded WebApplicationContext
2025-02-10T16:08:42.303+01:00  INFO 28112 --- [backendEcommerce] [restartedMain] w.s.c.ServletWebServerApplicationContext : Root WebApplicationContext: initialization completed in 1743 ms
2025-02-10T16:08:42.459+01:00  INFO 28112 --- [backendEcommerce] [restartedMain] com.zaxxer.hikari.HikariDataSource       : HikariPool-1 - Starting...
2025-02-10T16:08:42.872+01:00  INFO 28112 --- [backendEcommerce] [restartedMain] com.zaxxer.hikari.pool.HikariPool        : HikariPool-1 - Added connection com.mysql.cj.jdbc.ConnectionImpl@13f32c2f
2025-02-10T16:08:42.874+01:00  INFO 28112 --- [backendEcommerce] [restartedMain] com.zaxxer.hikari.HikariDataSource       : HikariPool-1 - Start completed.
2025-02-10T16:08:42.942+01:00  INFO 28112 --- [backendEcommerce] [restartedMain] o.hibernate.jpa.internal.util.LogHelper  : HHH000204: Processing PersistenceUnitInfo [name: default]
2025-02-10T16:08:43.022+01:00  INFO 28112 --- [backendEcommerce] [restartedMain] org.hibernate.Version                    : HHH000412: Hibernate ORM core version 6.6.5.Final
2025-02-10T16:08:43.061+01:00  INFO 28112 --- [backendEcommerce] [restartedMain] o.h.c.internal.RegionFactoryInitiator    : HHH000026: Second-level cache disabled
2025-02-10T16:08:43.388+01:00  INFO 28112 --- [backendEcommerce] [restartedMain] o.s.o.j.p.SpringPersistenceUnitInfo      : No LoadTimeWeaver setup: ignoring JPA class transformer
2025-02-10T16:08:43.511+01:00  INFO 28112 --- [backendEcommerce] [restartedMain] org.hibernate.orm.connections.pooling    : HHH10001005: Database info:
	Database JDBC URL [Connecting through datasource 'HikariDataSource (HikariPool-1)']
	Database driver: undefined/unknown
	Database version: 8.0.39
	Autocommit mode: undefined/unknown
	Isolation level: undefined/unknown
	Minimum pool size: undefined/unknown
	Maximum pool size: undefined/unknown
2025-02-10T16:08:43.903+01:00  WARN 28112 --- [backendEcommerce] [restartedMain] org.hibernate.mapping.RootClass          : HHH000038: Composite-id class does not override equals(): com.betacom.bec.models.MessageID
2025-02-10T16:08:43.903+01:00  WARN 28112 --- [backendEcommerce] [restartedMain] org.hibernate.mapping.RootClass          : HHH000039: Composite-id class does not override hashCode(): com.betacom.bec.models.MessageID
2025-02-10T16:08:44.632+01:00  INFO 28112 --- [backendEcommerce] [restartedMain] o.h.e.t.j.p.i.JtaPlatformInitiator       : HHH000489: No JTA platform available (set 'hibernate.transaction.jta.platform' to enable JTA platform integration)
2025-02-10T16:08:44.664+01:00  INFO 28112 --- [backendEcommerce] [restartedMain] j.LocalContainerEntityManagerFactoryBean : Initialized JPA EntityManagerFactory for persistence unit 'default'
2025-02-10T16:08:45.201+01:00  WARN 28112 --- [backendEcommerce] [restartedMain] JpaBaseConfiguration$JpaWebConfiguration : spring.jpa.open-in-view is enabled by default. Therefore, database queries may be performed during view rendering. Explicitly configure spring.jpa.open-in-view to disable this warning
2025-02-10T16:08:45.530+01:00  WARN 28112 --- [backendEcommerce] [restartedMain] ion$DefaultTemplateResolverConfiguration : Cannot find template location: classpath:/templates/ (please add some templates, check your Thymeleaf configuration, or set spring.thymeleaf.check-template-location=false)
2025-02-10T16:08:45.713+01:00  INFO 28112 --- [backendEcommerce] [restartedMain] o.s.b.d.a.OptionalLiveReloadServer       : LiveReload server is running on port 35729
2025-02-10T16:08:45.754+01:00  INFO 28112 --- [backendEcommerce] [restartedMain] o.s.b.w.embedded.tomcat.TomcatWebServer  : Tomcat started on port 9090 (http) with context path '/'
2025-02-10T16:08:45.766+01:00  INFO 28112 --- [backendEcommerce] [restartedMain] c.b.bec.BackendEcommerceApplication      : Started BackendEcommerceApplication in 5.788 seconds (process running for 6.342)
2025-02-10T16:10:51.936+01:00  INFO 28112 --- [backendEcommerce] [File Watcher] rtingClassPathChangeChangedEventListener : Restarting due to 1 class path change (0 additions, 0 deletions, 1 modification)
2025-02-10T16:10:51.946+01:00  INFO 28112 --- [backendEcommerce] [Thread-5] o.s.b.w.e.tomcat.GracefulShutdown        : Commencing graceful shutdown. Waiting for active requests to complete
2025-02-10T16:10:51.954+01:00  INFO 28112 --- [backendEcommerce] [tomcat-shutdown] o.s.b.w.e.tomcat.GracefulShutdown        : Graceful shutdown complete
2025-02-10T16:10:51.958+01:00  INFO 28112 --- [backendEcommerce] [Thread-5] j.LocalContainerEntityManagerFactoryBean : Closing JPA EntityManagerFactory for persistence unit 'default'
2025-02-10T16:10:51.962+01:00  INFO 28112 --- [backendEcommerce] [Thread-5] com.zaxxer.hikari.HikariDataSource       : HikariPool-1 - Shutdown initiated...
2025-02-10T16:10:51.971+01:00  INFO 28112 --- [backendEcommerce] [Thread-5] com.zaxxer.hikari.HikariDataSource       : HikariPool-1 - Shutdown completed.
2025-02-10T16:10:52.103+01:00  INFO 28112 --- [backendEcommerce] [restartedMain] c.b.bec.BackendEcommerceApplication      : Starting BackendEcommerceApplication using Java 21.0.3 with PID 28112 (C:\Users\utente\Desktop\ProgettoBetacom\backendEcommerce\target\classes started by utente in C:\Users\utente\Desktop\ProgettoBetacom\backendEcommerce)
2025-02-10T16:10:52.103+01:00 DEBUG 28112 --- [backendEcommerce] [restartedMain] c.b.bec.BackendEcommerceApplication      : Running with Spring Boot v3.4.2, Spring v6.2.2
2025-02-10T16:10:52.103+01:00  INFO 28112 --- [backendEcommerce] [restartedMain] c.b.bec.BackendEcommerceApplication      : The following 1 profile is active: "sviluppo"
2025-02-10T16:10:52.383+01:00  INFO 28112 --- [backendEcommerce] [restartedMain] .s.d.r.c.RepositoryConfigurationDelegate : Bootstrapping Spring Data JPA repositories in DEFAULT mode.
2025-02-10T16:10:52.436+01:00  INFO 28112 --- [backendEcommerce] [restartedMain] .s.d.r.c.RepositoryConfigurationDelegate : Finished Spring Data repository scanning in 51 ms. Found 8 JPA repository interfaces.
2025-02-10T16:10:52.600+01:00  INFO 28112 --- [backendEcommerce] [restartedMain] o.s.b.w.embedded.tomcat.TomcatWebServer  : Tomcat initialized with port 9090 (http)
2025-02-10T16:10:52.602+01:00  INFO 28112 --- [backendEcommerce] [restartedMain] o.apache.catalina.core.StandardService   : Starting service [Tomcat]
2025-02-10T16:10:52.602+01:00  INFO 28112 --- [backendEcommerce] [restartedMain] o.apache.catalina.core.StandardEngine    : Starting Servlet engine: [Apache Tomcat/10.1.34]
2025-02-10T16:10:52.628+01:00  INFO 28112 --- [backendEcommerce] [restartedMain] o.a.c.c.C.[Tomcat].[localhost].[/]       : Initializing Spring embedded WebApplicationContext
2025-02-10T16:10:52.628+01:00  INFO 28112 --- [backendEcommerce] [restartedMain] w.s.c.ServletWebServerApplicationContext : Root WebApplicationContext: initialization completed in 522 ms
2025-02-10T16:10:52.661+01:00  INFO 28112 --- [backendEcommerce] [restartedMain] com.zaxxer.hikari.HikariDataSource       : HikariPool-2 - Starting...
2025-02-10T16:10:52.677+01:00  INFO 28112 --- [backendEcommerce] [restartedMain] com.zaxxer.hikari.pool.HikariPool        : HikariPool-2 - Added connection com.mysql.cj.jdbc.ConnectionImpl@5b1dcc7b
2025-02-10T16:10:52.678+01:00  INFO 28112 --- [backendEcommerce] [restartedMain] com.zaxxer.hikari.HikariDataSource       : HikariPool-2 - Start completed.
2025-02-10T16:10:52.688+01:00  INFO 28112 --- [backendEcommerce] [restartedMain] o.hibernate.jpa.internal.util.LogHelper  : HHH000204: Processing PersistenceUnitInfo [name: default]
2025-02-10T16:10:52.692+01:00  INFO 28112 --- [backendEcommerce] [restartedMain] o.h.c.internal.RegionFactoryInitiator    : HHH000026: Second-level cache disabled
2025-02-10T16:10:52.707+01:00  INFO 28112 --- [backendEcommerce] [restartedMain] o.s.o.j.p.SpringPersistenceUnitInfo      : No LoadTimeWeaver setup: ignoring JPA class transformer
2025-02-10T16:10:52.712+01:00  INFO 28112 --- [backendEcommerce] [restartedMain] org.hibernate.orm.connections.pooling    : HHH10001005: Database info:
	Database JDBC URL [Connecting through datasource 'HikariDataSource (HikariPool-2)']
	Database driver: undefined/unknown
	Database version: 8.0.39
	Autocommit mode: undefined/unknown
	Isolation level: undefined/unknown
	Minimum pool size: undefined/unknown
	Maximum pool size: undefined/unknown
2025-02-10T16:10:52.786+01:00  WARN 28112 --- [backendEcommerce] [restartedMain] org.hibernate.mapping.RootClass          : HHH000038: Composite-id class does not override equals(): com.betacom.bec.models.MessageID
2025-02-10T16:10:52.786+01:00  WARN 28112 --- [backendEcommerce] [restartedMain] org.hibernate.mapping.RootClass          : HHH000039: Composite-id class does not override hashCode(): com.betacom.bec.models.MessageID
2025-02-10T16:10:52.929+01:00  INFO 28112 --- [backendEcommerce] [restartedMain] o.h.e.t.j.p.i.JtaPlatformInitiator       : HHH000489: No JTA platform available (set 'hibernate.transaction.jta.platform' to enable JTA platform integration)
2025-02-10T16:10:52.934+01:00  INFO 28112 --- [backendEcommerce] [restartedMain] j.LocalContainerEntityManagerFactoryBean : Initialized JPA EntityManagerFactory for persistence unit 'default'
2025-02-10T16:10:53.068+01:00  WARN 28112 --- [backendEcommerce] [restartedMain] JpaBaseConfiguration$JpaWebConfiguration : spring.jpa.open-in-view is enabled by default. Therefore, database queries may be performed during view rendering. Explicitly configure spring.jpa.open-in-view to disable this warning
2025-02-10T16:10:53.135+01:00  WARN 28112 --- [backendEcommerce] [restartedMain] ion$DefaultTemplateResolverConfiguration : Cannot find template location: classpath:/templates/ (please add some templates, check your Thymeleaf configuration, or set spring.thymeleaf.check-template-location=false)
2025-02-10T16:10:53.201+01:00  INFO 28112 --- [backendEcommerce] [restartedMain] o.s.b.d.a.OptionalLiveReloadServer       : LiveReload server is running on port 35729
2025-02-10T16:10:53.222+01:00  INFO 28112 --- [backendEcommerce] [restartedMain] o.s.b.w.embedded.tomcat.TomcatWebServer  : Tomcat started on port 9090 (http) with context path '/'
2025-02-10T16:10:53.228+01:00  INFO 28112 --- [backendEcommerce] [restartedMain] c.b.bec.BackendEcommerceApplication      : Started BackendEcommerceApplication in 1.161 seconds (process running for 133.804)
2025-02-10T16:10:53.232+01:00  INFO 28112 --- [backendEcommerce] [restartedMain] .ConditionEvaluationDeltaLoggingListener : Condition evaluation unchanged
2025-02-10T16:11:35.769+01:00  INFO 28112 --- [backendEcommerce] [File Watcher] rtingClassPathChangeChangedEventListener : Restarting due to 1 class path change (0 additions, 0 deletions, 1 modification)
2025-02-10T16:11:35.771+01:00  INFO 28112 --- [backendEcommerce] [Thread-7] o.s.b.w.e.tomcat.GracefulShutdown        : Commencing graceful shutdown. Waiting for active requests to complete
2025-02-10T16:11:35.776+01:00  INFO 28112 --- [backendEcommerce] [tomcat-shutdown] o.s.b.w.e.tomcat.GracefulShutdown        : Graceful shutdown complete
2025-02-10T16:11:35.778+01:00  INFO 28112 --- [backendEcommerce] [Thread-7] j.LocalContainerEntityManagerFactoryBean : Closing JPA EntityManagerFactory for persistence unit 'default'
2025-02-10T16:11:35.779+01:00  INFO 28112 --- [backendEcommerce] [Thread-7] com.zaxxer.hikari.HikariDataSource       : HikariPool-2 - Shutdown initiated...
2025-02-10T16:11:35.787+01:00  INFO 28112 --- [backendEcommerce] [Thread-7] com.zaxxer.hikari.HikariDataSource       : HikariPool-2 - Shutdown completed.
2025-02-10T16:11:35.927+01:00  INFO 28112 --- [backendEcommerce] [restartedMain] c.b.bec.BackendEcommerceApplication      : Starting BackendEcommerceApplication using Java 21.0.3 with PID 28112 (C:\Users\utente\Desktop\ProgettoBetacom\backendEcommerce\target\classes started by utente in C:\Users\utente\Desktop\ProgettoBetacom\backendEcommerce)
2025-02-10T16:11:35.928+01:00 DEBUG 28112 --- [backendEcommerce] [restartedMain] c.b.bec.BackendEcommerceApplication      : Running with Spring Boot v3.4.2, Spring v6.2.2
2025-02-10T16:11:35.928+01:00  INFO 28112 --- [backendEcommerce] [restartedMain] c.b.bec.BackendEcommerceApplication      : The following 1 profile is active: "sviluppo"
2025-02-10T16:11:36.222+01:00  INFO 28112 --- [backendEcommerce] [restartedMain] .s.d.r.c.RepositoryConfigurationDelegate : Bootstrapping Spring Data JPA repositories in DEFAULT mode.
2025-02-10T16:11:36.265+01:00  INFO 28112 --- [backendEcommerce] [restartedMain] .s.d.r.c.RepositoryConfigurationDelegate : Finished Spring Data repository scanning in 42 ms. Found 8 JPA repository interfaces.
2025-02-10T16:11:36.371+01:00  INFO 28112 --- [backendEcommerce] [restartedMain] o.s.b.w.embedded.tomcat.TomcatWebServer  : Tomcat initialized with port 9090 (http)
2025-02-10T16:11:36.373+01:00  INFO 28112 --- [backendEcommerce] [restartedMain] o.apache.catalina.core.StandardService   : Starting service [Tomcat]
2025-02-10T16:11:36.373+01:00  INFO 28112 --- [backendEcommerce] [restartedMain] o.apache.catalina.core.StandardEngine    : Starting Servlet engine: [Apache Tomcat/10.1.34]
2025-02-10T16:11:36.399+01:00  INFO 28112 --- [backendEcommerce] [restartedMain] o.a.c.c.C.[Tomcat].[localhost].[/]       : Initializing Spring embedded WebApplicationContext
2025-02-10T16:11:36.399+01:00  INFO 28112 --- [backendEcommerce] [restartedMain] w.s.c.ServletWebServerApplicationContext : Root WebApplicationContext: initialization completed in 467 ms
2025-02-10T16:11:36.423+01:00  INFO 28112 --- [backendEcommerce] [restartedMain] com.zaxxer.hikari.HikariDataSource       : HikariPool-3 - Starting...
2025-02-10T16:11:36.439+01:00  INFO 28112 --- [backendEcommerce] [restartedMain] com.zaxxer.hikari.pool.HikariPool        : HikariPool-3 - Added connection com.mysql.cj.jdbc.ConnectionImpl@4a45ca8
2025-02-10T16:11:36.439+01:00  INFO 28112 --- [backendEcommerce] [restartedMain] com.zaxxer.hikari.HikariDataSource       : HikariPool-3 - Start completed.
2025-02-10T16:11:36.446+01:00  INFO 28112 --- [backendEcommerce] [restartedMain] o.hibernate.jpa.internal.util.LogHelper  : HHH000204: Processing PersistenceUnitInfo [name: default]
2025-02-10T16:11:36.450+01:00  INFO 28112 --- [backendEcommerce] [restartedMain] o.h.c.internal.RegionFactoryInitiator    : HHH000026: Second-level cache disabled
2025-02-10T16:11:36.461+01:00  INFO 28112 --- [backendEcommerce] [restartedMain] o.s.o.j.p.SpringPersistenceUnitInfo      : No LoadTimeWeaver setup: ignoring JPA class transformer
2025-02-10T16:11:36.464+01:00  INFO 28112 --- [backendEcommerce] [restartedMain] org.hibernate.orm.connections.pooling    : HHH10001005: Database info:
	Database JDBC URL [Connecting through datasource 'HikariDataSource (HikariPool-3)']
	Database driver: undefined/unknown
	Database version: 8.0.39
	Autocommit mode: undefined/unknown
	Isolation level: undefined/unknown
	Minimum pool size: undefined/unknown
	Maximum pool size: undefined/unknown
2025-02-10T16:11:36.514+01:00  WARN 28112 --- [backendEcommerce] [restartedMain] org.hibernate.mapping.RootClass          : HHH000038: Composite-id class does not override equals(): com.betacom.bec.models.MessageID
2025-02-10T16:11:36.514+01:00  WARN 28112 --- [backendEcommerce] [restartedMain] org.hibernate.mapping.RootClass          : HHH000039: Composite-id class does not override hashCode(): com.betacom.bec.models.MessageID
2025-02-10T16:11:36.610+01:00  INFO 28112 --- [backendEcommerce] [restartedMain] o.h.e.t.j.p.i.JtaPlatformInitiator       : HHH000489: No JTA platform available (set 'hibernate.transaction.jta.platform' to enable JTA platform integration)
2025-02-10T16:11:36.617+01:00  INFO 28112 --- [backendEcommerce] [restartedMain] j.LocalContainerEntityManagerFactoryBean : Initialized JPA EntityManagerFactory for persistence unit 'default'
2025-02-10T16:11:36.747+01:00  WARN 28112 --- [backendEcommerce] [restartedMain] JpaBaseConfiguration$JpaWebConfiguration : spring.jpa.open-in-view is enabled by default. Therefore, database queries may be performed during view rendering. Explicitly configure spring.jpa.open-in-view to disable this warning
2025-02-10T16:11:36.814+01:00  WARN 28112 --- [backendEcommerce] [restartedMain] ion$DefaultTemplateResolverConfiguration : Cannot find template location: classpath:/templates/ (please add some templates, check your Thymeleaf configuration, or set spring.thymeleaf.check-template-location=false)
2025-02-10T16:11:36.863+01:00  INFO 28112 --- [backendEcommerce] [restartedMain] o.s.b.d.a.OptionalLiveReloadServer       : LiveReload server is running on port 35729
2025-02-10T16:11:36.874+01:00  INFO 28112 --- [backendEcommerce] [restartedMain] o.s.b.w.embedded.tomcat.TomcatWebServer  : Tomcat started on port 9090 (http) with context path '/'
2025-02-10T16:11:36.877+01:00  INFO 28112 --- [backendEcommerce] [restartedMain] c.b.bec.BackendEcommerceApplication      : Started BackendEcommerceApplication in 1.018 seconds (process running for 177.453)
2025-02-10T16:11:36.879+01:00  INFO 28112 --- [backendEcommerce] [restartedMain] .ConditionEvaluationDeltaLoggingListener : Condition evaluation unchanged
2025-02-10T16:30:51.158+01:00  INFO 28112 --- [backendEcommerce] [File Watcher] rtingClassPathChangeChangedEventListener : Restarting due to 1 class path change (0 additions, 0 deletions, 1 modification)
2025-02-10T16:30:51.176+01:00  INFO 28112 --- [backendEcommerce] [Thread-11] o.s.b.w.e.tomcat.GracefulShutdown        : Commencing graceful shutdown. Waiting for active requests to complete
2025-02-10T16:30:51.187+01:00  INFO 28112 --- [backendEcommerce] [tomcat-shutdown] o.s.b.w.e.tomcat.GracefulShutdown        : Graceful shutdown complete
2025-02-10T16:30:51.195+01:00  INFO 28112 --- [backendEcommerce] [Thread-11] j.LocalContainerEntityManagerFactoryBean : Closing JPA EntityManagerFactory for persistence unit 'default'
2025-02-10T16:30:51.198+01:00  INFO 28112 --- [backendEcommerce] [Thread-11] com.zaxxer.hikari.HikariDataSource       : HikariPool-3 - Shutdown initiated...
2025-02-10T16:30:51.210+01:00  INFO 28112 --- [backendEcommerce] [Thread-11] com.zaxxer.hikari.HikariDataSource       : HikariPool-3 - Shutdown completed.
2025-02-10T16:30:51.535+01:00  INFO 28112 --- [backendEcommerce] [restartedMain] c.b.bec.BackendEcommerceApplication      : Starting BackendEcommerceApplication using Java 21.0.3 with PID 28112 (C:\Users\utente\Desktop\ProgettoBetacom\backendEcommerce\target\classes started by utente in C:\Users\utente\Desktop\ProgettoBetacom\backendEcommerce)
2025-02-10T16:30:51.535+01:00 DEBUG 28112 --- [backendEcommerce] [restartedMain] c.b.bec.BackendEcommerceApplication      : Running with Spring Boot v3.4.2, Spring v6.2.2
2025-02-10T16:30:51.536+01:00  INFO 28112 --- [backendEcommerce] [restartedMain] c.b.bec.BackendEcommerceApplication      : The following 1 profile is active: "sviluppo"
2025-02-10T16:30:52.369+01:00  INFO 28112 --- [backendEcommerce] [restartedMain] .s.d.r.c.RepositoryConfigurationDelegate : Bootstrapping Spring Data JPA repositories in DEFAULT mode.
2025-02-10T16:30:52.490+01:00  INFO 28112 --- [backendEcommerce] [restartedMain] .s.d.r.c.RepositoryConfigurationDelegate : Finished Spring Data repository scanning in 118 ms. Found 8 JPA repository interfaces.
2025-02-10T16:30:52.789+01:00  INFO 28112 --- [backendEcommerce] [restartedMain] o.s.b.w.embedded.tomcat.TomcatWebServer  : Tomcat initialized with port 9090 (http)
2025-02-10T16:30:52.792+01:00  INFO 28112 --- [backendEcommerce] [restartedMain] o.apache.catalina.core.StandardService   : Starting service [Tomcat]
2025-02-10T16:30:52.793+01:00  INFO 28112 --- [backendEcommerce] [restartedMain] o.apache.catalina.core.StandardEngine    : Starting Servlet engine: [Apache Tomcat/10.1.34]
2025-02-10T16:30:52.880+01:00  INFO 28112 --- [backendEcommerce] [restartedMain] o.a.c.c.C.[Tomcat].[localhost].[/]       : Initializing Spring embedded WebApplicationContext
2025-02-10T16:30:52.881+01:00  INFO 28112 --- [backendEcommerce] [restartedMain] w.s.c.ServletWebServerApplicationContext : Root WebApplicationContext: initialization completed in 1340 ms
2025-02-10T16:30:52.977+01:00  INFO 28112 --- [backendEcommerce] [restartedMain] com.zaxxer.hikari.HikariDataSource       : HikariPool-4 - Starting...
2025-02-10T16:30:53.015+01:00  INFO 28112 --- [backendEcommerce] [restartedMain] com.zaxxer.hikari.pool.HikariPool        : HikariPool-4 - Added connection com.mysql.cj.jdbc.ConnectionImpl@63b06af9
2025-02-10T16:30:53.016+01:00  INFO 28112 --- [backendEcommerce] [restartedMain] com.zaxxer.hikari.HikariDataSource       : HikariPool-4 - Start completed.
2025-02-10T16:30:53.034+01:00  INFO 28112 --- [backendEcommerce] [restartedMain] o.hibernate.jpa.internal.util.LogHelper  : HHH000204: Processing PersistenceUnitInfo [name: default]
2025-02-10T16:30:53.042+01:00  INFO 28112 --- [backendEcommerce] [restartedMain] o.h.c.internal.RegionFactoryInitiator    : HHH000026: Second-level cache disabled
2025-02-10T16:30:53.072+01:00  INFO 28112 --- [backendEcommerce] [restartedMain] o.s.o.j.p.SpringPersistenceUnitInfo      : No LoadTimeWeaver setup: ignoring JPA class transformer
2025-02-10T16:30:53.100+01:00  INFO 28112 --- [backendEcommerce] [restartedMain] org.hibernate.orm.connections.pooling    : HHH10001005: Database info:
	Database JDBC URL [Connecting through datasource 'HikariDataSource (HikariPool-4)']
	Database driver: undefined/unknown
	Database version: 8.0.39
	Autocommit mode: undefined/unknown
	Isolation level: undefined/unknown
	Minimum pool size: undefined/unknown
	Maximum pool size: undefined/unknown
2025-02-10T16:30:53.260+01:00  WARN 28112 --- [backendEcommerce] [restartedMain] org.hibernate.mapping.RootClass          : HHH000038: Composite-id class does not override equals(): com.betacom.bec.models.MessageID
2025-02-10T16:30:53.262+01:00  WARN 28112 --- [backendEcommerce] [restartedMain] org.hibernate.mapping.RootClass          : HHH000039: Composite-id class does not override hashCode(): com.betacom.bec.models.MessageID
2025-02-10T16:30:53.458+01:00  INFO 28112 --- [backendEcommerce] [restartedMain] o.h.e.t.j.p.i.JtaPlatformInitiator       : HHH000489: No JTA platform available (set 'hibernate.transaction.jta.platform' to enable JTA platform integration)
2025-02-10T16:30:53.469+01:00  INFO 28112 --- [backendEcommerce] [restartedMain] j.LocalContainerEntityManagerFactoryBean : Initialized JPA EntityManagerFactory for persistence unit 'default'
2025-02-10T16:30:53.734+01:00  WARN 28112 --- [backendEcommerce] [restartedMain] JpaBaseConfiguration$JpaWebConfiguration : spring.jpa.open-in-view is enabled by default. Therefore, database queries may be performed during view rendering. Explicitly configure spring.jpa.open-in-view to disable this warning
2025-02-10T16:30:53.835+01:00  WARN 28112 --- [backendEcommerce] [restartedMain] ion$DefaultTemplateResolverConfiguration : Cannot find template location: classpath:/templates/ (please add some templates, check your Thymeleaf configuration, or set spring.thymeleaf.check-template-location=false)
2025-02-10T16:30:53.966+01:00  INFO 28112 --- [backendEcommerce] [restartedMain] o.s.b.d.a.OptionalLiveReloadServer       : LiveReload server is running on port 35729
2025-02-10T16:30:53.984+01:00  INFO 28112 --- [backendEcommerce] [restartedMain] o.s.b.w.embedded.tomcat.TomcatWebServer  : Tomcat started on port 9090 (http) with context path '/'
2025-02-10T16:30:53.991+01:00  INFO 28112 --- [backendEcommerce] [restartedMain] c.b.bec.BackendEcommerceApplication      : Started BackendEcommerceApplication in 2.568 seconds (process running for 1334.567)
2025-02-10T16:30:53.994+01:00  INFO 28112 --- [backendEcommerce] [restartedMain] .ConditionEvaluationDeltaLoggingListener : Condition evaluation unchanged
