2025-02-23T15:28:28.082+01:00  INFO 17684 --- [frontendEcommerce] [restartedMain] c.b.fe.FrontendEcommerceApplication      : Starting FrontendEcommerceApplication using Java 21.0.3 with PID 17684 (C:\Users\utente\Desktop\ProgettoBetacom\frontendEcommerce\target\classes started by utente in C:\Users\utente\Desktop\ProgettoBetacom\frontendEcommerce)
2025-02-23T15:28:28.101+01:00 DEBUG 17684 --- [frontendEcommerce] [restartedMain] c.b.fe.FrontendEcommerceApplication      : Running with Spring Boot v3.4.2, Spring v6.2.2
2025-02-23T15:28:28.104+01:00  INFO 17684 --- [frontendEcommerce] [restartedMain] c.b.fe.FrontendEcommerceApplication      : No active profile set, falling back to 1 default profile: "default"
2025-02-23T15:28:28.234+01:00  INFO 17684 --- [frontendEcommerce] [restartedMain] .e.DevToolsPropertyDefaultsPostProcessor : Devtools property defaults active! Set 'spring.devtools.add-properties' to 'false' to disable
2025-02-23T15:28:28.235+01:00  INFO 17684 --- [frontendEcommerce] [restartedMain] .e.DevToolsPropertyDefaultsPostProcessor : For additional web related logging consider setting the 'logging.level.web' property to 'DEBUG'
2025-02-23T15:28:31.245+01:00  INFO 17684 --- [frontendEcommerce] [restartedMain] o.s.b.w.embedded.tomcat.TomcatWebServer  : Tomcat initialized with port 8080 (http)
2025-02-23T15:28:31.323+01:00  INFO 17684 --- [frontendEcommerce] [restartedMain] o.apache.catalina.core.StandardService   : Starting service [Tomcat]
2025-02-23T15:28:31.334+01:00  INFO 17684 --- [frontendEcommerce] [restartedMain] o.apache.catalina.core.StandardEngine    : Starting Servlet engine: [Apache Tomcat/10.1.34]
2025-02-23T15:28:31.643+01:00  INFO 17684 --- [frontendEcommerce] [restartedMain] o.a.c.c.C.[Tomcat].[localhost].[/]       : Initializing Spring embedded WebApplicationContext
2025-02-23T15:28:31.644+01:00  INFO 17684 --- [frontendEcommerce] [restartedMain] w.s.c.ServletWebServerApplicationContext : Root WebApplicationContext: initialization completed in 3407 ms
2025-02-23T15:28:32.430+01:00 DEBUG 17684 --- [frontendEcommerce] [restartedMain] c.b.f.c.CustomUserDetailsService         : uri: http://localhost:9090/rest/utente/listSecurity
2025-02-23T15:28:33.383+01:00 DEBUG 17684 --- [frontendEcommerce] [restartedMain] c.b.f.c.CustomUserDetailsService         : loadUsers.....AndreaCarpe
2025-02-23T15:28:33.509+01:00 DEBUG 17684 --- [frontendEcommerce] [restartedMain] c.b.f.c.CustomUserDetailsService         : loadUsers.....salvati8
2025-02-23T15:28:33.591+01:00 DEBUG 17684 --- [frontendEcommerce] [restartedMain] c.b.f.c.CustomUserDetailsService         : loadUsers.....sss
2025-02-23T15:28:33.677+01:00 DEBUG 17684 --- [frontendEcommerce] [restartedMain] c.b.f.c.CustomUserDetailsService         : loadUsers.....ciaociao
2025-02-23T15:28:33.762+01:00 DEBUG 17684 --- [frontendEcommerce] [restartedMain] c.b.f.c.CustomUserDetailsService         : loadUsers.....carpe
2025-02-23T15:28:33.880+01:00 DEBUG 17684 --- [frontendEcommerce] [restartedMain] c.b.f.c.CustomUserDetailsService         : loadUsers.....Carpentieri98
2025-02-23T15:28:34.047+01:00 DEBUG 17684 --- [frontendEcommerce] [restartedMain] c.b.f.c.CustomUserDetailsService         : loadUsers.....Andrea98
2025-02-23T15:28:34.344+01:00  INFO 17684 --- [frontendEcommerce] [restartedMain] r$InitializeUserDetailsManagerConfigurer : Global AuthenticationManager configured with UserDetailsService bean with name inMemoryUserDetailsManager
2025-02-23T15:28:35.501+01:00  WARN 17684 --- [frontendEcommerce] [restartedMain] o.s.b.d.a.OptionalLiveReloadServer       : Unable to start LiveReload server
2025-02-23T15:28:35.555+01:00  INFO 17684 --- [frontendEcommerce] [restartedMain] o.s.b.w.embedded.tomcat.TomcatWebServer  : Tomcat started on port 8080 (http) with context path '/'
2025-02-23T15:28:35.576+01:00  INFO 17684 --- [frontendEcommerce] [restartedMain] c.b.fe.FrontendEcommerceApplication      : Started FrontendEcommerceApplication in 9.135 seconds (process running for 10.352)
2025-02-23T15:34:57.100+01:00  INFO 17684 --- [frontendEcommerce] [http-nio-8080-exec-1] o.a.c.c.C.[Tomcat].[localhost].[/]       : Initializing Spring DispatcherServlet 'dispatcherServlet'
2025-02-23T15:34:57.101+01:00  INFO 17684 --- [frontendEcommerce] [http-nio-8080-exec-1] o.s.web.servlet.DispatcherServlet        : Initializing Servlet 'dispatcherServlet'
2025-02-23T15:34:57.105+01:00  INFO 17684 --- [frontendEcommerce] [http-nio-8080-exec-1] o.s.web.servlet.DispatcherServlet        : Completed initialization in 3 ms
2025-02-23T15:35:13.941+01:00 DEBUG 17684 --- [frontendEcommerce] [http-nio-8080-exec-6] c.betacom.fe.controller.AdminController  : URI: http://localhost:9090/rest/ordine/list
2025-02-23T15:46:06.771+01:00  INFO 17684 --- [frontendEcommerce] [File Watcher] rtingClassPathChangeChangedEventListener : Restarting due to 1 class path change (0 additions, 0 deletions, 1 modification)
2025-02-23T15:46:06.790+01:00  INFO 17684 --- [frontendEcommerce] [Thread-1] o.s.b.w.e.tomcat.GracefulShutdown        : Commencing graceful shutdown. Waiting for active requests to complete
2025-02-23T15:46:06.820+01:00  INFO 17684 --- [frontendEcommerce] [tomcat-shutdown] o.s.b.w.e.tomcat.GracefulShutdown        : Graceful shutdown complete
2025-02-23T15:46:07.276+01:00  INFO 17684 --- [frontendEcommerce] [restartedMain] c.b.fe.FrontendEcommerceApplication      : Starting FrontendEcommerceApplication using Java 21.0.3 with PID 17684 (C:\Users\utente\Desktop\ProgettoBetacom\frontendEcommerce\target\classes started by utente in C:\Users\utente\Desktop\ProgettoBetacom\frontendEcommerce)
2025-02-23T15:46:07.278+01:00 DEBUG 17684 --- [frontendEcommerce] [restartedMain] c.b.fe.FrontendEcommerceApplication      : Running with Spring Boot v3.4.2, Spring v6.2.2
2025-02-23T15:46:07.282+01:00  INFO 17684 --- [frontendEcommerce] [restartedMain] c.b.fe.FrontendEcommerceApplication      : No active profile set, falling back to 1 default profile: "default"
2025-02-23T15:46:08.460+01:00  INFO 17684 --- [frontendEcommerce] [restartedMain] o.s.b.w.embedded.tomcat.TomcatWebServer  : Tomcat initialized with port 8080 (http)
2025-02-23T15:46:08.463+01:00  INFO 17684 --- [frontendEcommerce] [restartedMain] o.apache.catalina.core.StandardService   : Starting service [Tomcat]
2025-02-23T15:46:08.465+01:00  INFO 17684 --- [frontendEcommerce] [restartedMain] o.apache.catalina.core.StandardEngine    : Starting Servlet engine: [Apache Tomcat/10.1.34]
2025-02-23T15:46:08.582+01:00  INFO 17684 --- [frontendEcommerce] [restartedMain] o.a.c.c.C.[Tomcat].[localhost].[/]       : Initializing Spring embedded WebApplicationContext
2025-02-23T15:46:08.583+01:00  INFO 17684 --- [frontendEcommerce] [restartedMain] w.s.c.ServletWebServerApplicationContext : Root WebApplicationContext: initialization completed in 1290 ms
2025-02-23T15:46:08.659+01:00 DEBUG 17684 --- [frontendEcommerce] [restartedMain] c.b.f.c.CustomUserDetailsService         : uri: http://localhost:9090/rest/utente/listSecurity
2025-02-23T15:46:08.817+01:00 DEBUG 17684 --- [frontendEcommerce] [restartedMain] c.b.f.c.CustomUserDetailsService         : loadUsers.....AndreaCarpe
2025-02-23T15:46:08.985+01:00 DEBUG 17684 --- [frontendEcommerce] [restartedMain] c.b.f.c.CustomUserDetailsService         : loadUsers.....salvati8
2025-02-23T15:46:09.133+01:00 DEBUG 17684 --- [frontendEcommerce] [restartedMain] c.b.f.c.CustomUserDetailsService         : loadUsers.....sss
2025-02-23T15:46:09.294+01:00 DEBUG 17684 --- [frontendEcommerce] [restartedMain] c.b.f.c.CustomUserDetailsService         : loadUsers.....ciaociao
2025-02-23T15:46:09.448+01:00 DEBUG 17684 --- [frontendEcommerce] [restartedMain] c.b.f.c.CustomUserDetailsService         : loadUsers.....carpe
2025-02-23T15:46:09.597+01:00 DEBUG 17684 --- [frontendEcommerce] [restartedMain] c.b.f.c.CustomUserDetailsService         : loadUsers.....Carpentieri98
2025-02-23T15:46:09.736+01:00 DEBUG 17684 --- [frontendEcommerce] [restartedMain] c.b.f.c.CustomUserDetailsService         : loadUsers.....Andrea98
2025-02-23T15:46:09.934+01:00  INFO 17684 --- [frontendEcommerce] [restartedMain] r$InitializeUserDetailsManagerConfigurer : Global AuthenticationManager configured with UserDetailsService bean with name inMemoryUserDetailsManager
2025-02-23T15:46:10.215+01:00  WARN 17684 --- [frontendEcommerce] [restartedMain] o.s.b.d.a.OptionalLiveReloadServer       : Unable to start LiveReload server
2025-02-23T15:46:10.245+01:00  INFO 17684 --- [frontendEcommerce] [restartedMain] o.s.b.w.embedded.tomcat.TomcatWebServer  : Tomcat started on port 8080 (http) with context path '/'
2025-02-23T15:46:10.253+01:00  INFO 17684 --- [frontendEcommerce] [restartedMain] c.b.fe.FrontendEcommerceApplication      : Started FrontendEcommerceApplication in 3.114 seconds (process running for 1065.029)
2025-02-23T15:46:10.258+01:00  INFO 17684 --- [frontendEcommerce] [restartedMain] .ConditionEvaluationDeltaLoggingListener : Condition evaluation unchanged
2025-02-23T15:46:12.956+01:00  INFO 17684 --- [frontendEcommerce] [File Watcher] rtingClassPathChangeChangedEventListener : Restarting due to 1 class path change (0 additions, 0 deletions, 1 modification)
2025-02-23T15:46:12.959+01:00  INFO 17684 --- [frontendEcommerce] [Thread-5] o.s.b.w.e.tomcat.GracefulShutdown        : Commencing graceful shutdown. Waiting for active requests to complete
2025-02-23T15:46:12.975+01:00  INFO 17684 --- [frontendEcommerce] [tomcat-shutdown] o.s.b.w.e.tomcat.GracefulShutdown        : Graceful shutdown complete
2025-02-23T15:46:13.205+01:00  INFO 17684 --- [frontendEcommerce] [restartedMain] c.b.fe.FrontendEcommerceApplication      : Starting FrontendEcommerceApplication using Java 21.0.3 with PID 17684 (C:\Users\utente\Desktop\ProgettoBetacom\frontendEcommerce\target\classes started by utente in C:\Users\utente\Desktop\ProgettoBetacom\frontendEcommerce)
2025-02-23T15:46:13.206+01:00 DEBUG 17684 --- [frontendEcommerce] [restartedMain] c.b.fe.FrontendEcommerceApplication      : Running with Spring Boot v3.4.2, Spring v6.2.2
2025-02-23T15:46:13.206+01:00  INFO 17684 --- [frontendEcommerce] [restartedMain] c.b.fe.FrontendEcommerceApplication      : No active profile set, falling back to 1 default profile: "default"
2025-02-23T15:46:14.285+01:00  INFO 17684 --- [frontendEcommerce] [restartedMain] o.s.b.w.embedded.tomcat.TomcatWebServer  : Tomcat initialized with port 8080 (http)
2025-02-23T15:46:14.287+01:00  INFO 17684 --- [frontendEcommerce] [restartedMain] o.apache.catalina.core.StandardService   : Starting service [Tomcat]
2025-02-23T15:46:14.287+01:00  INFO 17684 --- [frontendEcommerce] [restartedMain] o.apache.catalina.core.StandardEngine    : Starting Servlet engine: [Apache Tomcat/10.1.34]
2025-02-23T15:46:14.416+01:00  INFO 17684 --- [frontendEcommerce] [restartedMain] o.a.c.c.C.[Tomcat].[localhost].[/]       : Initializing Spring embedded WebApplicationContext
2025-02-23T15:46:14.416+01:00  INFO 17684 --- [frontendEcommerce] [restartedMain] w.s.c.ServletWebServerApplicationContext : Root WebApplicationContext: initialization completed in 1203 ms
2025-02-23T15:46:14.507+01:00 DEBUG 17684 --- [frontendEcommerce] [restartedMain] c.b.f.c.CustomUserDetailsService         : uri: http://localhost:9090/rest/utente/listSecurity
2025-02-23T15:46:14.628+01:00 DEBUG 17684 --- [frontendEcommerce] [restartedMain] c.b.f.c.CustomUserDetailsService         : loadUsers.....AndreaCarpe
2025-02-23T15:46:14.802+01:00 DEBUG 17684 --- [frontendEcommerce] [restartedMain] c.b.f.c.CustomUserDetailsService         : loadUsers.....salvati8
2025-02-23T15:46:14.977+01:00 DEBUG 17684 --- [frontendEcommerce] [restartedMain] c.b.f.c.CustomUserDetailsService         : loadUsers.....sss
2025-02-23T15:46:15.141+01:00 DEBUG 17684 --- [frontendEcommerce] [restartedMain] c.b.f.c.CustomUserDetailsService         : loadUsers.....ciaociao
2025-02-23T15:46:15.291+01:00 DEBUG 17684 --- [frontendEcommerce] [restartedMain] c.b.f.c.CustomUserDetailsService         : loadUsers.....carpe
2025-02-23T15:46:15.446+01:00 DEBUG 17684 --- [frontendEcommerce] [restartedMain] c.b.f.c.CustomUserDetailsService         : loadUsers.....Carpentieri98
2025-02-23T15:46:15.623+01:00 DEBUG 17684 --- [frontendEcommerce] [restartedMain] c.b.f.c.CustomUserDetailsService         : loadUsers.....Andrea98
2025-02-23T15:46:15.893+01:00  INFO 17684 --- [frontendEcommerce] [restartedMain] r$InitializeUserDetailsManagerConfigurer : Global AuthenticationManager configured with UserDetailsService bean with name inMemoryUserDetailsManager
2025-02-23T15:46:16.260+01:00  WARN 17684 --- [frontendEcommerce] [restartedMain] o.s.b.d.a.OptionalLiveReloadServer       : Unable to start LiveReload server
2025-02-23T15:46:16.317+01:00  INFO 17684 --- [frontendEcommerce] [restartedMain] o.s.b.w.embedded.tomcat.TomcatWebServer  : Tomcat started on port 8080 (http) with context path '/'
2025-02-23T15:46:16.341+01:00  INFO 17684 --- [frontendEcommerce] [restartedMain] c.b.fe.FrontendEcommerceApplication      : Started FrontendEcommerceApplication in 3.213 seconds (process running for 1071.116)
2025-02-23T15:46:16.348+01:00  INFO 17684 --- [frontendEcommerce] [restartedMain] .ConditionEvaluationDeltaLoggingListener : Condition evaluation unchanged
2025-02-23T15:46:19.211+01:00  INFO 17684 --- [frontendEcommerce] [File Watcher] rtingClassPathChangeChangedEventListener : Restarting due to 1 class path change (0 additions, 0 deletions, 1 modification)
2025-02-23T15:46:19.214+01:00  INFO 17684 --- [frontendEcommerce] [Thread-9] o.s.b.w.e.tomcat.GracefulShutdown        : Commencing graceful shutdown. Waiting for active requests to complete
2025-02-23T15:46:19.333+01:00  INFO 17684 --- [frontendEcommerce] [tomcat-shutdown] o.s.b.w.e.tomcat.GracefulShutdown        : Graceful shutdown complete
2025-02-23T15:46:19.650+01:00  INFO 17684 --- [frontendEcommerce] [restartedMain] c.b.fe.FrontendEcommerceApplication      : Starting FrontendEcommerceApplication using Java 21.0.3 with PID 17684 (C:\Users\utente\Desktop\ProgettoBetacom\frontendEcommerce\target\classes started by utente in C:\Users\utente\Desktop\ProgettoBetacom\frontendEcommerce)
2025-02-23T15:46:19.651+01:00 DEBUG 17684 --- [frontendEcommerce] [restartedMain] c.b.fe.FrontendEcommerceApplication      : Running with Spring Boot v3.4.2, Spring v6.2.2
2025-02-23T15:46:19.652+01:00  INFO 17684 --- [frontendEcommerce] [restartedMain] c.b.fe.FrontendEcommerceApplication      : No active profile set, falling back to 1 default profile: "default"
2025-02-23T15:46:20.499+01:00  INFO 17684 --- [frontendEcommerce] [restartedMain] o.s.b.w.embedded.tomcat.TomcatWebServer  : Tomcat initialized with port 8080 (http)
2025-02-23T15:46:20.501+01:00  INFO 17684 --- [frontendEcommerce] [restartedMain] o.apache.catalina.core.StandardService   : Starting service [Tomcat]
2025-02-23T15:46:20.502+01:00  INFO 17684 --- [frontendEcommerce] [restartedMain] o.apache.catalina.core.StandardEngine    : Starting Servlet engine: [Apache Tomcat/10.1.34]
2025-02-23T15:46:20.580+01:00  INFO 17684 --- [frontendEcommerce] [restartedMain] o.a.c.c.C.[Tomcat].[localhost].[/]       : Initializing Spring embedded WebApplicationContext
2025-02-23T15:46:20.580+01:00  INFO 17684 --- [frontendEcommerce] [restartedMain] w.s.c.ServletWebServerApplicationContext : Root WebApplicationContext: initialization completed in 919 ms
2025-02-23T15:46:20.645+01:00 DEBUG 17684 --- [frontendEcommerce] [restartedMain] c.b.f.c.CustomUserDetailsService         : uri: http://localhost:9090/rest/utente/listSecurity
2025-02-23T15:46:20.720+01:00 DEBUG 17684 --- [frontendEcommerce] [restartedMain] c.b.f.c.CustomUserDetailsService         : loadUsers.....AndreaCarpe
2025-02-23T15:46:20.907+01:00 DEBUG 17684 --- [frontendEcommerce] [restartedMain] c.b.f.c.CustomUserDetailsService         : loadUsers.....salvati8
2025-02-23T15:46:21.080+01:00 DEBUG 17684 --- [frontendEcommerce] [restartedMain] c.b.f.c.CustomUserDetailsService         : loadUsers.....sss
2025-02-23T15:46:21.268+01:00 DEBUG 17684 --- [frontendEcommerce] [restartedMain] c.b.f.c.CustomUserDetailsService         : loadUsers.....ciaociao
2025-02-23T15:46:21.453+01:00 DEBUG 17684 --- [frontendEcommerce] [restartedMain] c.b.f.c.CustomUserDetailsService         : loadUsers.....carpe
2025-02-23T15:46:21.630+01:00 DEBUG 17684 --- [frontendEcommerce] [restartedMain] c.b.f.c.CustomUserDetailsService         : loadUsers.....Carpentieri98
2025-02-23T15:46:21.883+01:00 DEBUG 17684 --- [frontendEcommerce] [restartedMain] c.b.f.c.CustomUserDetailsService         : loadUsers.....Andrea98
2025-02-23T15:46:22.214+01:00  INFO 17684 --- [frontendEcommerce] [restartedMain] r$InitializeUserDetailsManagerConfigurer : Global AuthenticationManager configured with UserDetailsService bean with name inMemoryUserDetailsManager
2025-02-23T15:46:22.489+01:00  WARN 17684 --- [frontendEcommerce] [restartedMain] o.s.b.d.a.OptionalLiveReloadServer       : Unable to start LiveReload server
2025-02-23T15:46:22.504+01:00  INFO 17684 --- [frontendEcommerce] [restartedMain] o.s.b.w.embedded.tomcat.TomcatWebServer  : Tomcat started on port 8080 (http) with context path '/'
2025-02-23T15:46:22.510+01:00  INFO 17684 --- [frontendEcommerce] [restartedMain] c.b.fe.FrontendEcommerceApplication      : Started FrontendEcommerceApplication in 2.994 seconds (process running for 1077.285)
2025-02-23T15:46:22.515+01:00  INFO 17684 --- [frontendEcommerce] [restartedMain] .ConditionEvaluationDeltaLoggingListener : Condition evaluation unchanged
2025-02-23T15:46:24.144+01:00  INFO 17684 --- [frontendEcommerce] [http-nio-8080-exec-1] o.a.c.c.C.[Tomcat].[localhost].[/]       : Initializing Spring DispatcherServlet 'dispatcherServlet'
2025-02-23T15:46:24.145+01:00  INFO 17684 --- [frontendEcommerce] [http-nio-8080-exec-1] o.s.web.servlet.DispatcherServlet        : Initializing Servlet 'dispatcherServlet'
2025-02-23T15:46:24.149+01:00  INFO 17684 --- [frontendEcommerce] [http-nio-8080-exec-1] o.s.web.servlet.DispatcherServlet        : Completed initialization in 3 ms
2025-02-23T15:46:24.157+01:00 DEBUG 17684 --- [frontendEcommerce] [http-nio-8080-exec-1] c.betacom.fe.controller.AdminController  : URI: http://localhost:9090/rest/ordine/list
2025-02-23T15:46:43.545+01:00 DEBUG 17684 --- [frontendEcommerce] [http-nio-8080-exec-9] c.b.fe.controller.UtenteController       : URI: http://localhost:9090/rest/utente/listByUsername?userName=salvati8
2025-02-23T15:46:43.853+01:00 ERROR 17684 --- [frontendEcommerce] [http-nio-8080-exec-9] o.a.c.c.C.[.[.[/].[dispatcherServlet]    : Servlet.service() for servlet [dispatcherServlet] in context with path [] threw exception [Request processing failed: org.springframework.web.client.HttpClientErrorException$NotFound: 404 Not Found on GET request for "http://localhost:9090/rest/utente/listByUsername": "{"timestamp":"2025-02-23T14:46:43.771+00:00","status":404,"error":"Not Found","trace":"org.springframework.web.servlet.resource.NoResourceFoundException: No static resource rest/utente/listByUsername.\r\n\tat org.springframework.web.servlet.resource.ResourceHttpRequestHandler.handleRequest(ResourceHttpRequestHandler.java:585)\r\n\tat org.springframework.web.servlet.mvc.HttpRequestHandlerAdapter.handle(HttpRequestHandlerAdapter.java:52)\r\n\tat org.springframework.web.servlet.DispatcherServlet.doDispatch(DispatcherServlet.java:1088)\r\n\tat org.springframework.web.servlet.DispatcherServlet.doService(DispatcherServlet.java:978)\r\n\tat org.springframework.web.servlet.FrameworkServlet.processRequest(FrameworkServlet.java:1014)\r\n\tat org.springframework.web.servlet.FrameworkServlet.doGet(FrameworkServlet.java:903)\r\n\tat jakarta.servlet.http.HttpServlet.service(HttpServlet.java:564)\r\n\tat org.springframework.web.servlet.FrameworkServlet.service(FrameworkServlet.java:885)\r\n\tat jakarta.servlet.http.HttpServlet.service(HttpServlet.java:658)\r\n\tat org.apache.catalina.core.ApplicationFilterChain.internalDoFilter(ApplicationFilterChain.java:195)\r\n\tat org.apache.catalina.core.ApplicationFilterChain.doFilter(ApplicationFilterChain.java:140)\r\n\tat org.apache.tomcat.websocket.server.WsFilter.doFilter(WsFilter.java:51)\r\n\tat org.apache.catalina.core.ApplicationFilterChain.internalDoFilter(ApplicationFilterChain.java:164)\r\n\tat org.apache.catalina.core.ApplicationFilterChain.doFilter(ApplicationFilterChain.java:140)\r\n\tat org.springframework.web.filter.RequestContextFilter.doFilterInternal(RequestContextFilter.java:100)\r\n\tat org.springframework.web.filter.OncePerRequestFilter.doFilter(OncePerRequestFilter.java:116)\r\n\tat org.apache.catalina.core.ApplicationFilterChain.internalDoFilter(ApplicationFilterChain.java:164)\r\n\tat org.apache.catalina.core.ApplicationFilterChain.doFilter(ApplicationFilterChain.java:140)\r\n\tat org.springframework.web.filter.FormContentFilter.doFilterInternal(FormContentFilter.java:93)\r\n\tat org.springframework.web.filter.OncePerRequestFilter.doFilter(OncePerRequestFilter.java:116)\r\n\tat org.apache.catalina.core.ApplicationFilterChain.internalDoFilter(ApplicationFilterChain.java:164)\r\n\tat org.apache.catalina.core.ApplicationFilterChain.doFilter(ApplicationFilterChain.java:140)\r\n\tat org.springframework.web.filter.CharacterEncodingFilter.doFilterInternal(CharacterEncodingFilter.java:201)\r\n\tat org.springframework.web.filter.OncePerRequestFilter.doFilter(OncePerRequestFilter.java:116)\r\n\tat org.apache.catalina.core.ApplicationFilterChain.internalDoFilter(ApplicationFilterChain.java:164)\r\n\tat org.apache.catalina.core.ApplicationFilterChain.doFilter(ApplicationFilterChain.java:140)\r\n\tat org.apache.catalina.core.StandardWrapperValve.invoke(StandardWrapperValve.java:167)\r\n\tat org.apache.catalina.core.StandardContextValve.invoke(StandardContextValve.java:90)\r\n\tat org.apache.catalina.authenticator.AuthenticatorBase.invoke(AuthenticatorBase.java:483)\r\n\tat org.apache.catalina.core.StandardHostValve.invoke(StandardHostValve.java:115)\r\n\tat org.apache.catalina.valves.ErrorReportValve.invoke(ErrorReportValve.java:93)\r\n\tat org.apache.catalina.core.StandardEngineValve.invoke(StandardEngineValve.java:74)\r\n\tat org.apache.catalina.connector.CoyoteAdapter.service(CoyoteAdapter.java:344)\r\n\tat org.apache.coyote.http11.Http11Processor.service(Http11Processor.java:397)\r\n\tat org.apache.coyote.AbstractProcessorLight.process(AbstractProcessorLight.java:63)\r\n\tat org.apache.coyote.AbstractProtocol$ConnectionHandler.process(AbstractProtocol.java:905)\r\n\tat org.apache.tomcat.util.net.NioEndpoint$SocketProcessor.doRun(NioEndpoint.java:1741)\r\n\tat org.apache.tomcat.util.net.SocketProcessorBase.run(SocketProcessorBase.java:52)\r\n\tat org.apache.tomcat.util.threads.ThreadPoolExecutor.runWorker(ThreadPoolExecutor.java:1190)\r\n\tat org.apache.tomcat.util.threads.ThreadPoolExecutor$Worker.run(ThreadPoolExecutor.java:659)\r\n\tat org.apache.tomcat.util.threads.TaskThread$WrappingRunnable.run(TaskThread.java:63)\r\n\tat java.base/java.lang.Thread.run(Thread.java:1583)\r\n","message":"No static resource rest/utente/listByUsername.","path":"/rest/utente/listByUsername"}"] with root cause

org.springframework.web.client.HttpClientErrorException$NotFound: 404 Not Found on GET request for "http://localhost:9090/rest/utente/listByUsername": "{"timestamp":"2025-02-23T14:46:43.771+00:00","status":404,"error":"Not Found","trace":"org.springframework.web.servlet.resource.NoResourceFoundException: No static resource rest/utente/listByUsername.\r\n\tat org.springframework.web.servlet.resource.ResourceHttpRequestHandler.handleRequest(ResourceHttpRequestHandler.java:585)\r\n\tat org.springframework.web.servlet.mvc.HttpRequestHandlerAdapter.handle(HttpRequestHandlerAdapter.java:52)\r\n\tat org.springframework.web.servlet.DispatcherServlet.doDispatch(DispatcherServlet.java:1088)\r\n\tat org.springframework.web.servlet.DispatcherServlet.doService(DispatcherServlet.java:978)\r\n\tat org.springframework.web.servlet.FrameworkServlet.processRequest(FrameworkServlet.java:1014)\r\n\tat org.springframework.web.servlet.FrameworkServlet.doGet(FrameworkServlet.java:903)\r\n\tat jakarta.servlet.http.HttpServlet.service(HttpServlet.java:564)\r\n\tat org.springframework.web.servlet.FrameworkServlet.service(FrameworkServlet.java:885)\r\n\tat jakarta.servlet.http.HttpServlet.service(HttpServlet.java:658)\r\n\tat org.apache.catalina.core.ApplicationFilterChain.internalDoFilter(ApplicationFilterChain.java:195)\r\n\tat org.apache.catalina.core.ApplicationFilterChain.doFilter(ApplicationFilterChain.java:140)\r\n\tat org.apache.tomcat.websocket.server.WsFilter.doFilter(WsFilter.java:51)\r\n\tat org.apache.catalina.core.ApplicationFilterChain.internalDoFilter(ApplicationFilterChain.java:164)\r\n\tat org.apache.catalina.core.ApplicationFilterChain.doFilter(ApplicationFilterChain.java:140)\r\n\tat org.springframework.web.filter.RequestContextFilter.doFilterInternal(RequestContextFilter.java:100)\r\n\tat org.springframework.web.filter.OncePerRequestFilter.doFilter(OncePerRequestFilter.java:116)\r\n\tat org.apache.catalina.core.ApplicationFilterChain.internalDoFilter(ApplicationFilterChain.java:164)\r\n\tat org.apache.catalina.core.ApplicationFilterChain.doFilter(ApplicationFilterChain.java:140)\r\n\tat org.springframework.web.filter.FormContentFilter.doFilterInternal(FormContentFilter.java:93)\r\n\tat org.springframework.web.filter.OncePerRequestFilter.doFilter(OncePerRequestFilter.java:116)\r\n\tat org.apache.catalina.core.ApplicationFilterChain.internalDoFilter(ApplicationFilterChain.java:164)\r\n\tat org.apache.catalina.core.ApplicationFilterChain.doFilter(ApplicationFilterChain.java:140)\r\n\tat org.springframework.web.filter.CharacterEncodingFilter.doFilterInternal(CharacterEncodingFilter.java:201)\r\n\tat org.springframework.web.filter.OncePerRequestFilter.doFilter(OncePerRequestFilter.java:116)\r\n\tat org.apache.catalina.core.ApplicationFilterChain.internalDoFilter(ApplicationFilterChain.java:164)\r\n\tat org.apache.catalina.core.ApplicationFilterChain.doFilter(ApplicationFilterChain.java:140)\r\n\tat org.apache.catalina.core.StandardWrapperValve.invoke(StandardWrapperValve.java:167)\r\n\tat org.apache.catalina.core.StandardContextValve.invoke(StandardContextValve.java:90)\r\n\tat org.apache.catalina.authenticator.AuthenticatorBase.invoke(AuthenticatorBase.java:483)\r\n\tat org.apache.catalina.core.StandardHostValve.invoke(StandardHostValve.java:115)\r\n\tat org.apache.catalina.valves.ErrorReportValve.invoke(ErrorReportValve.java:93)\r\n\tat org.apache.catalina.core.StandardEngineValve.invoke(StandardEngineValve.java:74)\r\n\tat org.apache.catalina.connector.CoyoteAdapter.service(CoyoteAdapter.java:344)\r\n\tat org.apache.coyote.http11.Http11Processor.service(Http11Processor.java:397)\r\n\tat org.apache.coyote.AbstractProcessorLight.process(AbstractProcessorLight.java:63)\r\n\tat org.apache.coyote.AbstractProtocol$ConnectionHandler.process(AbstractProtocol.java:905)\r\n\tat org.apache.tomcat.util.net.NioEndpoint$SocketProcessor.doRun(NioEndpoint.java:1741)\r\n\tat org.apache.tomcat.util.net.SocketProcessorBase.run(SocketProcessorBase.java:52)\r\n\tat org.apache.tomcat.util.threads.ThreadPoolExecutor.runWorker(ThreadPoolExecutor.java:1190)\r\n\tat org.apache.tomcat.util.threads.ThreadPoolExecutor$Worker.run(ThreadPoolExecutor.java:659)\r\n\tat org.apache.tomcat.util.threads.TaskThread$WrappingRunnable.run(TaskThread.java:63)\r\n\tat java.base/java.lang.Thread.run(Thread.java:1583)\r\n","message":"No static resource rest/utente/listByUsername.","path":"/rest/utente/listByUsername"}"
	at org.springframework.web.client.HttpClientErrorException.create(HttpClientErrorException.java:112) ~[spring-web-6.2.2.jar:6.2.2]
	at org.springframework.web.client.DefaultResponseErrorHandler.handleError(DefaultResponseErrorHandler.java:186) ~[spring-web-6.2.2.jar:6.2.2]
	at org.springframework.web.client.DefaultResponseErrorHandler.handleError(DefaultResponseErrorHandler.java:147) ~[spring-web-6.2.2.jar:6.2.2]
	at org.springframework.web.client.RestTemplate.handleResponse(RestTemplate.java:953) ~[spring-web-6.2.2.jar:6.2.2]
	at org.springframework.web.client.RestTemplate.doExecute(RestTemplate.java:902) ~[spring-web-6.2.2.jar:6.2.2]
	at org.springframework.web.client.RestTemplate.execute(RestTemplate.java:841) ~[spring-web-6.2.2.jar:6.2.2]
	at org.springframework.web.client.RestTemplate.getForEntity(RestTemplate.java:458) ~[spring-web-6.2.2.jar:6.2.2]
	at com.betacom.fe.controller.UtenteController.profilo(UtenteController.java:58) ~[classes/:na]
	at java.base/jdk.internal.reflect.DirectMethodHandleAccessor.invoke(DirectMethodHandleAccessor.java:103) ~[na:na]
	at java.base/java.lang.reflect.Method.invoke(Method.java:580) ~[na:na]
	at org.springframework.web.method.support.InvocableHandlerMethod.doInvoke(InvocableHandlerMethod.java:257) ~[spring-web-6.2.2.jar:6.2.2]
	at org.springframework.web.method.support.InvocableHandlerMethod.invokeForRequest(InvocableHandlerMethod.java:190) ~[spring-web-6.2.2.jar:6.2.2]
	at org.springframework.web.servlet.mvc.method.annotation.ServletInvocableHandlerMethod.invokeAndHandle(ServletInvocableHandlerMethod.java:118) ~[spring-webmvc-6.2.2.jar:6.2.2]
	at org.springframework.web.servlet.mvc.method.annotation.RequestMappingHandlerAdapter.invokeHandlerMethod(RequestMappingHandlerAdapter.java:986) ~[spring-webmvc-6.2.2.jar:6.2.2]
	at org.springframework.web.servlet.mvc.method.annotation.RequestMappingHandlerAdapter.handleInternal(RequestMappingHandlerAdapter.java:891) ~[spring-webmvc-6.2.2.jar:6.2.2]
	at org.springframework.web.servlet.mvc.method.AbstractHandlerMethodAdapter.handle(AbstractHandlerMethodAdapter.java:87) ~[spring-webmvc-6.2.2.jar:6.2.2]
	at org.springframework.web.servlet.DispatcherServlet.doDispatch(DispatcherServlet.java:1088) ~[spring-webmvc-6.2.2.jar:6.2.2]
	at org.springframework.web.servlet.DispatcherServlet.doService(DispatcherServlet.java:978) ~[spring-webmvc-6.2.2.jar:6.2.2]
	at org.springframework.web.servlet.FrameworkServlet.processRequest(FrameworkServlet.java:1014) ~[spring-webmvc-6.2.2.jar:6.2.2]
	at org.springframework.web.servlet.FrameworkServlet.doGet(FrameworkServlet.java:903) ~[spring-webmvc-6.2.2.jar:6.2.2]
	at jakarta.servlet.http.HttpServlet.service(HttpServlet.java:564) ~[tomcat-embed-core-10.1.34.jar:6.0]
	at org.springframework.web.servlet.FrameworkServlet.service(FrameworkServlet.java:885) ~[spring-webmvc-6.2.2.jar:6.2.2]
	at jakarta.servlet.http.HttpServlet.service(HttpServlet.java:658) ~[tomcat-embed-core-10.1.34.jar:6.0]
	at org.apache.catalina.core.ApplicationFilterChain.internalDoFilter(ApplicationFilterChain.java:195) ~[tomcat-embed-core-10.1.34.jar:10.1.34]
	at org.apache.catalina.core.ApplicationFilterChain.doFilter(ApplicationFilterChain.java:140) ~[tomcat-embed-core-10.1.34.jar:10.1.34]
	at org.apache.tomcat.websocket.server.WsFilter.doFilter(WsFilter.java:51) ~[tomcat-embed-websocket-10.1.34.jar:10.1.34]
	at org.apache.catalina.core.ApplicationFilterChain.internalDoFilter(ApplicationFilterChain.java:164) ~[tomcat-embed-core-10.1.34.jar:10.1.34]
	at org.apache.catalina.core.ApplicationFilterChain.doFilter(ApplicationFilterChain.java:140) ~[tomcat-embed-core-10.1.34.jar:10.1.34]
	at org.springframework.web.filter.CompositeFilter$VirtualFilterChain.doFilter(CompositeFilter.java:108) ~[spring-web-6.2.2.jar:6.2.2]
	at org.springframework.security.web.FilterChainProxy.lambda$doFilterInternal$3(FilterChainProxy.java:231) ~[spring-security-web-6.4.2.jar:6.4.2]
	at org.springframework.security.web.FilterChainProxy$VirtualFilterChain.doFilter(FilterChainProxy.java:365) ~[spring-security-web-6.4.2.jar:6.4.2]
	at org.springframework.security.web.access.intercept.AuthorizationFilter.doFilter(AuthorizationFilter.java:101) ~[spring-security-web-6.4.2.jar:6.4.2]
	at org.springframework.security.web.FilterChainProxy$VirtualFilterChain.doFilter(FilterChainProxy.java:374) ~[spring-security-web-6.4.2.jar:6.4.2]
	at org.springframework.security.web.access.ExceptionTranslationFilter.doFilter(ExceptionTranslationFilter.java:126) ~[spring-security-web-6.4.2.jar:6.4.2]
	at org.springframework.security.web.access.ExceptionTranslationFilter.doFilter(ExceptionTranslationFilter.java:120) ~[spring-security-web-6.4.2.jar:6.4.2]
	at org.springframework.security.web.FilterChainProxy$VirtualFilterChain.doFilter(FilterChainProxy.java:374) ~[spring-security-web-6.4.2.jar:6.4.2]
	at org.springframework.security.web.authentication.AnonymousAuthenticationFilter.doFilter(AnonymousAuthenticationFilter.java:100) ~[spring-security-web-6.4.2.jar:6.4.2]
	at org.springframework.security.web.FilterChainProxy$VirtualFilterChain.doFilter(FilterChainProxy.java:374) ~[spring-security-web-6.4.2.jar:6.4.2]
	at org.springframework.security.web.servletapi.SecurityContextHolderAwareRequestFilter.doFilter(SecurityContextHolderAwareRequestFilter.java:179) ~[spring-security-web-6.4.2.jar:6.4.2]
	at org.springframework.security.web.FilterChainProxy$VirtualFilterChain.doFilter(FilterChainProxy.java:374) ~[spring-security-web-6.4.2.jar:6.4.2]
	at org.springframework.security.web.savedrequest.RequestCacheAwareFilter.doFilter(RequestCacheAwareFilter.java:63) ~[spring-security-web-6.4.2.jar:6.4.2]
	at org.springframework.security.web.FilterChainProxy$VirtualFilterChain.doFilter(FilterChainProxy.java:374) ~[spring-security-web-6.4.2.jar:6.4.2]
	at org.springframework.security.web.authentication.AbstractAuthenticationProcessingFilter.doFilter(AbstractAuthenticationProcessingFilter.java:227) ~[spring-security-web-6.4.2.jar:6.4.2]
	at org.springframework.security.web.authentication.AbstractAuthenticationProcessingFilter.doFilter(AbstractAuthenticationProcessingFilter.java:221) ~[spring-security-web-6.4.2.jar:6.4.2]
	at org.springframework.security.web.FilterChainProxy$VirtualFilterChain.doFilter(FilterChainProxy.java:374) ~[spring-security-web-6.4.2.jar:6.4.2]
	at org.springframework.security.web.authentication.logout.LogoutFilter.doFilter(LogoutFilter.java:107) ~[spring-security-web-6.4.2.jar:6.4.2]
	at org.springframework.security.web.authentication.logout.LogoutFilter.doFilter(LogoutFilter.java:93) ~[spring-security-web-6.4.2.jar:6.4.2]
	at org.springframework.security.web.FilterChainProxy$VirtualFilterChain.doFilter(FilterChainProxy.java:374) ~[spring-security-web-6.4.2.jar:6.4.2]
	at org.springframework.security.web.csrf.CsrfFilter.doFilterInternal(CsrfFilter.java:117) ~[spring-security-web-6.4.2.jar:6.4.2]
	at org.springframework.web.filter.OncePerRequestFilter.doFilter(OncePerRequestFilter.java:116) ~[spring-web-6.2.2.jar:6.2.2]
	at org.springframework.security.web.FilterChainProxy$VirtualFilterChain.doFilter(FilterChainProxy.java:374) ~[spring-security-web-6.4.2.jar:6.4.2]
	at org.springframework.security.web.header.HeaderWriterFilter.doHeadersAfter(HeaderWriterFilter.java:90) ~[spring-security-web-6.4.2.jar:6.4.2]
	at org.springframework.security.web.header.HeaderWriterFilter.doFilterInternal(HeaderWriterFilter.java:75) ~[spring-security-web-6.4.2.jar:6.4.2]
	at org.springframework.web.filter.OncePerRequestFilter.doFilter(OncePerRequestFilter.java:116) ~[spring-web-6.2.2.jar:6.2.2]
	at org.springframework.security.web.FilterChainProxy$VirtualFilterChain.doFilter(FilterChainProxy.java:374) ~[spring-security-web-6.4.2.jar:6.4.2]
	at org.springframework.security.web.context.SecurityContextHolderFilter.doFilter(SecurityContextHolderFilter.java:82) ~[spring-security-web-6.4.2.jar:6.4.2]
	at org.springframework.security.web.context.SecurityContextHolderFilter.doFilter(SecurityContextHolderFilter.java:69) ~[spring-security-web-6.4.2.jar:6.4.2]
	at org.springframework.security.web.FilterChainProxy$VirtualFilterChain.doFilter(FilterChainProxy.java:374) ~[spring-security-web-6.4.2.jar:6.4.2]
	at org.springframework.security.web.context.request.async.WebAsyncManagerIntegrationFilter.doFilterInternal(WebAsyncManagerIntegrationFilter.java:62) ~[spring-security-web-6.4.2.jar:6.4.2]
	at org.springframework.web.filter.OncePerRequestFilter.doFilter(OncePerRequestFilter.java:116) ~[spring-web-6.2.2.jar:6.2.2]
	at org.springframework.security.web.FilterChainProxy$VirtualFilterChain.doFilter(FilterChainProxy.java:374) ~[spring-security-web-6.4.2.jar:6.4.2]
	at org.springframework.security.web.session.DisableEncodeUrlFilter.doFilterInternal(DisableEncodeUrlFilter.java:42) ~[spring-security-web-6.4.2.jar:6.4.2]
	at org.springframework.web.filter.OncePerRequestFilter.doFilter(OncePerRequestFilter.java:116) ~[spring-web-6.2.2.jar:6.2.2]
	at org.springframework.security.web.FilterChainProxy$VirtualFilterChain.doFilter(FilterChainProxy.java:374) ~[spring-security-web-6.4.2.jar:6.4.2]
	at org.springframework.security.web.FilterChainProxy.doFilterInternal(FilterChainProxy.java:233) ~[spring-security-web-6.4.2.jar:6.4.2]
	at org.springframework.security.web.FilterChainProxy.doFilter(FilterChainProxy.java:191) ~[spring-security-web-6.4.2.jar:6.4.2]
	at org.springframework.web.filter.CompositeFilter$VirtualFilterChain.doFilter(CompositeFilter.java:113) ~[spring-web-6.2.2.jar:6.2.2]
	at org.springframework.web.servlet.handler.HandlerMappingIntrospector.lambda$createCacheFilter$3(HandlerMappingIntrospector.java:243) ~[spring-webmvc-6.2.2.jar:6.2.2]
	at org.springframework.web.filter.CompositeFilter$VirtualFilterChain.doFilter(CompositeFilter.java:113) ~[spring-web-6.2.2.jar:6.2.2]
	at org.springframework.web.filter.CompositeFilter.doFilter(CompositeFilter.java:74) ~[spring-web-6.2.2.jar:6.2.2]
	at org.springframework.security.config.annotation.web.configuration.WebMvcSecurityConfiguration$CompositeFilterChainProxy.doFilter(WebMvcSecurityConfiguration.java:238) ~[spring-security-config-6.4.2.jar:6.4.2]
	at org.springframework.web.filter.DelegatingFilterProxy.invokeDelegate(DelegatingFilterProxy.java:362) ~[spring-web-6.2.2.jar:6.2.2]
	at org.springframework.web.filter.DelegatingFilterProxy.doFilter(DelegatingFilterProxy.java:278) ~[spring-web-6.2.2.jar:6.2.2]
	at org.apache.catalina.core.ApplicationFilterChain.internalDoFilter(ApplicationFilterChain.java:164) ~[tomcat-embed-core-10.1.34.jar:10.1.34]
	at org.apache.catalina.core.ApplicationFilterChain.doFilter(ApplicationFilterChain.java:140) ~[tomcat-embed-core-10.1.34.jar:10.1.34]
	at org.springframework.web.filter.RequestContextFilter.doFilterInternal(RequestContextFilter.java:100) ~[spring-web-6.2.2.jar:6.2.2]
	at org.springframework.web.filter.OncePerRequestFilter.doFilter(OncePerRequestFilter.java:116) ~[spring-web-6.2.2.jar:6.2.2]
	at org.apache.catalina.core.ApplicationFilterChain.internalDoFilter(ApplicationFilterChain.java:164) ~[tomcat-embed-core-10.1.34.jar:10.1.34]
	at org.apache.catalina.core.ApplicationFilterChain.doFilter(ApplicationFilterChain.java:140) ~[tomcat-embed-core-10.1.34.jar:10.1.34]
	at org.springframework.web.filter.FormContentFilter.doFilterInternal(FormContentFilter.java:93) ~[spring-web-6.2.2.jar:6.2.2]
	at org.springframework.web.filter.OncePerRequestFilter.doFilter(OncePerRequestFilter.java:116) ~[spring-web-6.2.2.jar:6.2.2]
	at org.apache.catalina.core.ApplicationFilterChain.internalDoFilter(ApplicationFilterChain.java:164) ~[tomcat-embed-core-10.1.34.jar:10.1.34]
	at org.apache.catalina.core.ApplicationFilterChain.doFilter(ApplicationFilterChain.java:140) ~[tomcat-embed-core-10.1.34.jar:10.1.34]
	at org.springframework.web.filter.CharacterEncodingFilter.doFilterInternal(CharacterEncodingFilter.java:201) ~[spring-web-6.2.2.jar:6.2.2]
	at org.springframework.web.filter.OncePerRequestFilter.doFilter(OncePerRequestFilter.java:116) ~[spring-web-6.2.2.jar:6.2.2]
	at org.apache.catalina.core.ApplicationFilterChain.internalDoFilter(ApplicationFilterChain.java:164) ~[tomcat-embed-core-10.1.34.jar:10.1.34]
	at org.apache.catalina.core.ApplicationFilterChain.doFilter(ApplicationFilterChain.java:140) ~[tomcat-embed-core-10.1.34.jar:10.1.34]
	at org.apache.catalina.core.StandardWrapperValve.invoke(StandardWrapperValve.java:167) ~[tomcat-embed-core-10.1.34.jar:10.1.34]
	at org.apache.catalina.core.StandardContextValve.invoke(StandardContextValve.java:90) ~[tomcat-embed-core-10.1.34.jar:10.1.34]
	at org.apache.catalina.authenticator.AuthenticatorBase.invoke(AuthenticatorBase.java:483) ~[tomcat-embed-core-10.1.34.jar:10.1.34]
	at org.apache.catalina.core.StandardHostValve.invoke(StandardHostValve.java:115) ~[tomcat-embed-core-10.1.34.jar:10.1.34]
	at org.apache.catalina.valves.ErrorReportValve.invoke(ErrorReportValve.java:93) ~[tomcat-embed-core-10.1.34.jar:10.1.34]
	at org.apache.catalina.core.StandardEngineValve.invoke(StandardEngineValve.java:74) ~[tomcat-embed-core-10.1.34.jar:10.1.34]
	at org.apache.catalina.connector.CoyoteAdapter.service(CoyoteAdapter.java:344) ~[tomcat-embed-core-10.1.34.jar:10.1.34]
	at org.apache.coyote.http11.Http11Processor.service(Http11Processor.java:397) ~[tomcat-embed-core-10.1.34.jar:10.1.34]
	at org.apache.coyote.AbstractProcessorLight.process(AbstractProcessorLight.java:63) ~[tomcat-embed-core-10.1.34.jar:10.1.34]
	at org.apache.coyote.AbstractProtocol$ConnectionHandler.process(AbstractProtocol.java:905) ~[tomcat-embed-core-10.1.34.jar:10.1.34]
	at org.apache.tomcat.util.net.NioEndpoint$SocketProcessor.doRun(NioEndpoint.java:1741) ~[tomcat-embed-core-10.1.34.jar:10.1.34]
	at org.apache.tomcat.util.net.SocketProcessorBase.run(SocketProcessorBase.java:52) ~[tomcat-embed-core-10.1.34.jar:10.1.34]
	at org.apache.tomcat.util.threads.ThreadPoolExecutor.runWorker(ThreadPoolExecutor.java:1190) ~[tomcat-embed-core-10.1.34.jar:10.1.34]
	at org.apache.tomcat.util.threads.ThreadPoolExecutor$Worker.run(ThreadPoolExecutor.java:659) ~[tomcat-embed-core-10.1.34.jar:10.1.34]
	at org.apache.tomcat.util.threads.TaskThread$WrappingRunnable.run(TaskThread.java:63) ~[tomcat-embed-core-10.1.34.jar:10.1.34]
	at java.base/java.lang.Thread.run(Thread.java:1583) ~[na:na]

2025-02-23T15:48:05.010+01:00 DEBUG 17684 --- [frontendEcommerce] [http-nio-8080-exec-2] c.b.fe.controller.CarrelloController     : Recupero ID per utente: salvati8
2025-02-23T15:48:05.080+01:00 ERROR 17684 --- [frontendEcommerce] [http-nio-8080-exec-2] c.b.fe.controller.CarrelloController     : Errore nel recupero dell'ID utente

org.springframework.web.client.HttpClientErrorException$NotFound: 404 Not Found on GET request for "http://localhost:9090/rest/utente/carrelloByUsername": "{"timestamp":"2025-02-23T14:48:05.070+00:00","status":404,"error":"Not Found","trace":"org.springframework.web.servlet.resource.NoResourceFoundException: No static resource rest/utente/carrelloByUsername.\r\n\tat org.springframework.web.servlet.resource.ResourceHttpRequestHandler.handleRequest(ResourceHttpRequestHandler.java:585)\r\n\tat org.springframework.web.servlet.mvc.HttpRequestHandlerAdapter.handle(HttpRequestHandlerAdapter.java:52)\r\n\tat org.springframework.web.servlet.DispatcherServlet.doDispatch(DispatcherServlet.java:1088)\r\n\tat org.springframework.web.servlet.DispatcherServlet.doService(DispatcherServlet.java:978)\r\n\tat org.springframework.web.servlet.FrameworkServlet.processRequest(FrameworkServlet.java:1014)\r\n\tat org.springframework.web.servlet.FrameworkServlet.doGet(FrameworkServlet.java:903)\r\n\tat jakarta.servlet.http.HttpServlet.service(HttpServlet.java:564)\r\n\tat org.springframework.web.servlet.FrameworkServlet.service(FrameworkServlet.java:885)\r\n\tat jakarta.servlet.http.HttpServlet.service(HttpServlet.java:658)\r\n\tat org.apache.catalina.core.ApplicationFilterChain.internalDoFilter(ApplicationFilterChain.java:195)\r\n\tat org.apache.catalina.core.ApplicationFilterChain.doFilter(ApplicationFilterChain.java:140)\r\n\tat org.apache.tomcat.websocket.server.WsFilter.doFilter(WsFilter.java:51)\r\n\tat org.apache.catalina.core.ApplicationFilterChain.internalDoFilter(ApplicationFilterChain.java:164)\r\n\tat org.apache.catalina.core.ApplicationFilterChain.doFilter(ApplicationFilterChain.java:140)\r\n\tat org.springframework.web.filter.RequestContextFilter.doFilterInternal(RequestContextFilter.java:100)\r\n\tat org.springframework.web.filter.OncePerRequestFilter.doFilter(OncePerRequestFilter.java:116)\r\n\tat org.apache.catalina.core.ApplicationFilterChain.internalDoFilter(ApplicationFilterChain.java:164)\r\n\tat org.apache.catalina.core.ApplicationFilterChain.doFilter(ApplicationFilterChain.java:140)\r\n\tat org.springframework.web.filter.FormContentFilter.doFilterInternal(FormContentFilter.java:93)\r\n\tat org.springframework.web.filter.OncePerRequestFilter.doFilter(OncePerRequestFilter.java:116)\r\n\tat org.apache.catalina.core.ApplicationFilterChain.internalDoFilter(ApplicationFilterChain.java:164)\r\n\tat org.apache.catalina.core.ApplicationFilterChain.doFilter(ApplicationFilterChain.java:140)\r\n\tat org.springframework.web.filter.CharacterEncodingFilter.doFilterInternal(CharacterEncodingFilter.java:201)\r\n\tat org.springframework.web.filter.OncePerRequestFilter.doFilter(OncePerRequestFilter.java:116)\r\n\tat org.apache.catalina.core.ApplicationFilterChain.internalDoFilter(ApplicationFilterChain.java:164)\r\n\tat org.apache.catalina.core.ApplicationFilterChain.doFilter(ApplicationFilterChain.java:140)\r\n\tat org.apache.catalina.core.StandardWrapperValve.invoke(StandardWrapperValve.java:167)\r\n\tat org.apache.catalina.core.StandardContextValve.invoke(StandardContextValve.java:90)\r\n\tat org.apache.catalina.authenticator.AuthenticatorBase.invoke(AuthenticatorBase.java:483)\r\n\tat org.apache.catalina.core.StandardHostValve.invoke(StandardHostValve.java:115)\r\n\tat org.apache.catalina.valves.ErrorReportValve.invoke(ErrorReportValve.java:93)\r\n\tat org.apache.catalina.core.StandardEngineValve.invoke(StandardEngineValve.java:74)\r\n\tat org.apache.catalina.connector.CoyoteAdapter.service(CoyoteAdapter.java:344)\r\n\tat org.apache.coyote.http11.Http11Processor.service(Http11Processor.java:397)\r\n\tat org.apache.coyote.AbstractProcessorLight.process(AbstractProcessorLight.java:63)\r\n\tat org.apache.coyote.AbstractProtocol$ConnectionHandler.process(AbstractProtocol.java:905)\r\n\tat org.apache.tomcat.util.net.NioEndpoint$SocketProcessor.doRun(NioEndpoint.java:1741)\r\n\tat org.apache.tomcat.util.net.SocketProcessorBase.run(SocketProcessorBase.java:52)\r\n\tat org.apache.tomcat.util.threads.ThreadPoolExecutor.runWorker(ThreadPoolExecutor.java:1190)\r\n\tat org.apache.tomcat.util.threads.ThreadPoolExecutor$Worker.run(ThreadPoolExecutor.java:659)\r\n\tat org.apache.tomcat.util.threads.TaskThread$WrappingRunnable.run(TaskThread.java:63)\r\n\tat java.base/java.lang.Thread.run(Thread.java:1583)\r\n","message":"No static resource rest/utente/carrelloByUsername.","path":"/rest/utente/carrelloByUsername"}"
	at org.springframework.web.client.HttpClientErrorException.create(HttpClientErrorException.java:112) ~[spring-web-6.2.2.jar:6.2.2]
	at org.springframework.web.client.DefaultResponseErrorHandler.handleError(DefaultResponseErrorHandler.java:186) ~[spring-web-6.2.2.jar:6.2.2]
	at org.springframework.web.client.DefaultResponseErrorHandler.handleError(DefaultResponseErrorHandler.java:147) ~[spring-web-6.2.2.jar:6.2.2]
	at org.springframework.web.client.RestTemplate.handleResponse(RestTemplate.java:953) ~[spring-web-6.2.2.jar:6.2.2]
	at org.springframework.web.client.RestTemplate.doExecute(RestTemplate.java:902) ~[spring-web-6.2.2.jar:6.2.2]
	at org.springframework.web.client.RestTemplate.execute(RestTemplate.java:841) ~[spring-web-6.2.2.jar:6.2.2]
	at org.springframework.web.client.RestTemplate.getForObject(RestTemplate.java:433) ~[spring-web-6.2.2.jar:6.2.2]
	at com.betacom.fe.controller.CarrelloController.getUserIdByUsername(CarrelloController.java:90) ~[classes/:na]
	at com.betacom.fe.controller.CarrelloController.showCarrelloPage(CarrelloController.java:46) ~[classes/:na]
	at java.base/jdk.internal.reflect.DirectMethodHandleAccessor.invoke(DirectMethodHandleAccessor.java:103) ~[na:na]
	at java.base/java.lang.reflect.Method.invoke(Method.java:580) ~[na:na]
	at org.springframework.web.method.support.InvocableHandlerMethod.doInvoke(InvocableHandlerMethod.java:257) ~[spring-web-6.2.2.jar:6.2.2]
	at org.springframework.web.method.support.InvocableHandlerMethod.invokeForRequest(InvocableHandlerMethod.java:190) ~[spring-web-6.2.2.jar:6.2.2]
	at org.springframework.web.servlet.mvc.method.annotation.ServletInvocableHandlerMethod.invokeAndHandle(ServletInvocableHandlerMethod.java:118) ~[spring-webmvc-6.2.2.jar:6.2.2]
	at org.springframework.web.servlet.mvc.method.annotation.RequestMappingHandlerAdapter.invokeHandlerMethod(RequestMappingHandlerAdapter.java:986) ~[spring-webmvc-6.2.2.jar:6.2.2]
	at org.springframework.web.servlet.mvc.method.annotation.RequestMappingHandlerAdapter.handleInternal(RequestMappingHandlerAdapter.java:891) ~[spring-webmvc-6.2.2.jar:6.2.2]
	at org.springframework.web.servlet.mvc.method.AbstractHandlerMethodAdapter.handle(AbstractHandlerMethodAdapter.java:87) ~[spring-webmvc-6.2.2.jar:6.2.2]
	at org.springframework.web.servlet.DispatcherServlet.doDispatch(DispatcherServlet.java:1088) ~[spring-webmvc-6.2.2.jar:6.2.2]
	at org.springframework.web.servlet.DispatcherServlet.doService(DispatcherServlet.java:978) ~[spring-webmvc-6.2.2.jar:6.2.2]
	at org.springframework.web.servlet.FrameworkServlet.processRequest(FrameworkServlet.java:1014) ~[spring-webmvc-6.2.2.jar:6.2.2]
	at org.springframework.web.servlet.FrameworkServlet.doGet(FrameworkServlet.java:903) ~[spring-webmvc-6.2.2.jar:6.2.2]
	at jakarta.servlet.http.HttpServlet.service(HttpServlet.java:564) ~[tomcat-embed-core-10.1.34.jar:6.0]
	at org.springframework.web.servlet.FrameworkServlet.service(FrameworkServlet.java:885) ~[spring-webmvc-6.2.2.jar:6.2.2]
	at jakarta.servlet.http.HttpServlet.service(HttpServlet.java:658) ~[tomcat-embed-core-10.1.34.jar:6.0]
	at org.apache.catalina.core.ApplicationFilterChain.internalDoFilter(ApplicationFilterChain.java:195) ~[tomcat-embed-core-10.1.34.jar:10.1.34]
	at org.apache.catalina.core.ApplicationFilterChain.doFilter(ApplicationFilterChain.java:140) ~[tomcat-embed-core-10.1.34.jar:10.1.34]
	at org.apache.tomcat.websocket.server.WsFilter.doFilter(WsFilter.java:51) ~[tomcat-embed-websocket-10.1.34.jar:10.1.34]
	at org.apache.catalina.core.ApplicationFilterChain.internalDoFilter(ApplicationFilterChain.java:164) ~[tomcat-embed-core-10.1.34.jar:10.1.34]
	at org.apache.catalina.core.ApplicationFilterChain.doFilter(ApplicationFilterChain.java:140) ~[tomcat-embed-core-10.1.34.jar:10.1.34]
	at org.springframework.web.filter.CompositeFilter$VirtualFilterChain.doFilter(CompositeFilter.java:108) ~[spring-web-6.2.2.jar:6.2.2]
	at org.springframework.security.web.FilterChainProxy.lambda$doFilterInternal$3(FilterChainProxy.java:231) ~[spring-security-web-6.4.2.jar:6.4.2]
	at org.springframework.security.web.FilterChainProxy$VirtualFilterChain.doFilter(FilterChainProxy.java:365) ~[spring-security-web-6.4.2.jar:6.4.2]
	at org.springframework.security.web.access.intercept.AuthorizationFilter.doFilter(AuthorizationFilter.java:101) ~[spring-security-web-6.4.2.jar:6.4.2]
	at org.springframework.security.web.FilterChainProxy$VirtualFilterChain.doFilter(FilterChainProxy.java:374) ~[spring-security-web-6.4.2.jar:6.4.2]
	at org.springframework.security.web.access.ExceptionTranslationFilter.doFilter(ExceptionTranslationFilter.java:126) ~[spring-security-web-6.4.2.jar:6.4.2]
	at org.springframework.security.web.access.ExceptionTranslationFilter.doFilter(ExceptionTranslationFilter.java:120) ~[spring-security-web-6.4.2.jar:6.4.2]
	at org.springframework.security.web.FilterChainProxy$VirtualFilterChain.doFilter(FilterChainProxy.java:374) ~[spring-security-web-6.4.2.jar:6.4.2]
	at org.springframework.security.web.authentication.AnonymousAuthenticationFilter.doFilter(AnonymousAuthenticationFilter.java:100) ~[spring-security-web-6.4.2.jar:6.4.2]
	at org.springframework.security.web.FilterChainProxy$VirtualFilterChain.doFilter(FilterChainProxy.java:374) ~[spring-security-web-6.4.2.jar:6.4.2]
	at org.springframework.security.web.servletapi.SecurityContextHolderAwareRequestFilter.doFilter(SecurityContextHolderAwareRequestFilter.java:179) ~[spring-security-web-6.4.2.jar:6.4.2]
	at org.springframework.security.web.FilterChainProxy$VirtualFilterChain.doFilter(FilterChainProxy.java:374) ~[spring-security-web-6.4.2.jar:6.4.2]
	at org.springframework.security.web.savedrequest.RequestCacheAwareFilter.doFilter(RequestCacheAwareFilter.java:63) ~[spring-security-web-6.4.2.jar:6.4.2]
	at org.springframework.security.web.FilterChainProxy$VirtualFilterChain.doFilter(FilterChainProxy.java:374) ~[spring-security-web-6.4.2.jar:6.4.2]
	at org.springframework.security.web.authentication.AbstractAuthenticationProcessingFilter.doFilter(AbstractAuthenticationProcessingFilter.java:227) ~[spring-security-web-6.4.2.jar:6.4.2]
	at org.springframework.security.web.authentication.AbstractAuthenticationProcessingFilter.doFilter(AbstractAuthenticationProcessingFilter.java:221) ~[spring-security-web-6.4.2.jar:6.4.2]
	at org.springframework.security.web.FilterChainProxy$VirtualFilterChain.doFilter(FilterChainProxy.java:374) ~[spring-security-web-6.4.2.jar:6.4.2]
	at org.springframework.security.web.authentication.logout.LogoutFilter.doFilter(LogoutFilter.java:107) ~[spring-security-web-6.4.2.jar:6.4.2]
	at org.springframework.security.web.authentication.logout.LogoutFilter.doFilter(LogoutFilter.java:93) ~[spring-security-web-6.4.2.jar:6.4.2]
	at org.springframework.security.web.FilterChainProxy$VirtualFilterChain.doFilter(FilterChainProxy.java:374) ~[spring-security-web-6.4.2.jar:6.4.2]
	at org.springframework.security.web.csrf.CsrfFilter.doFilterInternal(CsrfFilter.java:117) ~[spring-security-web-6.4.2.jar:6.4.2]
	at org.springframework.web.filter.OncePerRequestFilter.doFilter(OncePerRequestFilter.java:116) ~[spring-web-6.2.2.jar:6.2.2]
	at org.springframework.security.web.FilterChainProxy$VirtualFilterChain.doFilter(FilterChainProxy.java:374) ~[spring-security-web-6.4.2.jar:6.4.2]
	at org.springframework.security.web.header.HeaderWriterFilter.doHeadersAfter(HeaderWriterFilter.java:90) ~[spring-security-web-6.4.2.jar:6.4.2]
	at org.springframework.security.web.header.HeaderWriterFilter.doFilterInternal(HeaderWriterFilter.java:75) ~[spring-security-web-6.4.2.jar:6.4.2]
	at org.springframework.web.filter.OncePerRequestFilter.doFilter(OncePerRequestFilter.java:116) ~[spring-web-6.2.2.jar:6.2.2]
	at org.springframework.security.web.FilterChainProxy$VirtualFilterChain.doFilter(FilterChainProxy.java:374) ~[spring-security-web-6.4.2.jar:6.4.2]
	at org.springframework.security.web.context.SecurityContextHolderFilter.doFilter(SecurityContextHolderFilter.java:82) ~[spring-security-web-6.4.2.jar:6.4.2]
	at org.springframework.security.web.context.SecurityContextHolderFilter.doFilter(SecurityContextHolderFilter.java:69) ~[spring-security-web-6.4.2.jar:6.4.2]
	at org.springframework.security.web.FilterChainProxy$VirtualFilterChain.doFilter(FilterChainProxy.java:374) ~[spring-security-web-6.4.2.jar:6.4.2]
	at org.springframework.security.web.context.request.async.WebAsyncManagerIntegrationFilter.doFilterInternal(WebAsyncManagerIntegrationFilter.java:62) ~[spring-security-web-6.4.2.jar:6.4.2]
	at org.springframework.web.filter.OncePerRequestFilter.doFilter(OncePerRequestFilter.java:116) ~[spring-web-6.2.2.jar:6.2.2]
	at org.springframework.security.web.FilterChainProxy$VirtualFilterChain.doFilter(FilterChainProxy.java:374) ~[spring-security-web-6.4.2.jar:6.4.2]
	at org.springframework.security.web.session.DisableEncodeUrlFilter.doFilterInternal(DisableEncodeUrlFilter.java:42) ~[spring-security-web-6.4.2.jar:6.4.2]
	at org.springframework.web.filter.OncePerRequestFilter.doFilter(OncePerRequestFilter.java:116) ~[spring-web-6.2.2.jar:6.2.2]
	at org.springframework.security.web.FilterChainProxy$VirtualFilterChain.doFilter(FilterChainProxy.java:374) ~[spring-security-web-6.4.2.jar:6.4.2]
	at org.springframework.security.web.FilterChainProxy.doFilterInternal(FilterChainProxy.java:233) ~[spring-security-web-6.4.2.jar:6.4.2]
	at org.springframework.security.web.FilterChainProxy.doFilter(FilterChainProxy.java:191) ~[spring-security-web-6.4.2.jar:6.4.2]
	at org.springframework.web.filter.CompositeFilter$VirtualFilterChain.doFilter(CompositeFilter.java:113) ~[spring-web-6.2.2.jar:6.2.2]
	at org.springframework.web.servlet.handler.HandlerMappingIntrospector.lambda$createCacheFilter$3(HandlerMappingIntrospector.java:243) ~[spring-webmvc-6.2.2.jar:6.2.2]
	at org.springframework.web.filter.CompositeFilter$VirtualFilterChain.doFilter(CompositeFilter.java:113) ~[spring-web-6.2.2.jar:6.2.2]
	at org.springframework.web.filter.CompositeFilter.doFilter(CompositeFilter.java:74) ~[spring-web-6.2.2.jar:6.2.2]
	at org.springframework.security.config.annotation.web.configuration.WebMvcSecurityConfiguration$CompositeFilterChainProxy.doFilter(WebMvcSecurityConfiguration.java:238) ~[spring-security-config-6.4.2.jar:6.4.2]
	at org.springframework.web.filter.DelegatingFilterProxy.invokeDelegate(DelegatingFilterProxy.java:362) ~[spring-web-6.2.2.jar:6.2.2]
	at org.springframework.web.filter.DelegatingFilterProxy.doFilter(DelegatingFilterProxy.java:278) ~[spring-web-6.2.2.jar:6.2.2]
	at org.apache.catalina.core.ApplicationFilterChain.internalDoFilter(ApplicationFilterChain.java:164) ~[tomcat-embed-core-10.1.34.jar:10.1.34]
	at org.apache.catalina.core.ApplicationFilterChain.doFilter(ApplicationFilterChain.java:140) ~[tomcat-embed-core-10.1.34.jar:10.1.34]
	at org.springframework.web.filter.RequestContextFilter.doFilterInternal(RequestContextFilter.java:100) ~[spring-web-6.2.2.jar:6.2.2]
	at org.springframework.web.filter.OncePerRequestFilter.doFilter(OncePerRequestFilter.java:116) ~[spring-web-6.2.2.jar:6.2.2]
	at org.apache.catalina.core.ApplicationFilterChain.internalDoFilter(ApplicationFilterChain.java:164) ~[tomcat-embed-core-10.1.34.jar:10.1.34]
	at org.apache.catalina.core.ApplicationFilterChain.doFilter(ApplicationFilterChain.java:140) ~[tomcat-embed-core-10.1.34.jar:10.1.34]
	at org.springframework.web.filter.FormContentFilter.doFilterInternal(FormContentFilter.java:93) ~[spring-web-6.2.2.jar:6.2.2]
	at org.springframework.web.filter.OncePerRequestFilter.doFilter(OncePerRequestFilter.java:116) ~[spring-web-6.2.2.jar:6.2.2]
	at org.apache.catalina.core.ApplicationFilterChain.internalDoFilter(ApplicationFilterChain.java:164) ~[tomcat-embed-core-10.1.34.jar:10.1.34]
	at org.apache.catalina.core.ApplicationFilterChain.doFilter(ApplicationFilterChain.java:140) ~[tomcat-embed-core-10.1.34.jar:10.1.34]
	at org.springframework.web.filter.CharacterEncodingFilter.doFilterInternal(CharacterEncodingFilter.java:201) ~[spring-web-6.2.2.jar:6.2.2]
	at org.springframework.web.filter.OncePerRequestFilter.doFilter(OncePerRequestFilter.java:116) ~[spring-web-6.2.2.jar:6.2.2]
	at org.apache.catalina.core.ApplicationFilterChain.internalDoFilter(ApplicationFilterChain.java:164) ~[tomcat-embed-core-10.1.34.jar:10.1.34]
	at org.apache.catalina.core.ApplicationFilterChain.doFilter(ApplicationFilterChain.java:140) ~[tomcat-embed-core-10.1.34.jar:10.1.34]
	at org.apache.catalina.core.StandardWrapperValve.invoke(StandardWrapperValve.java:167) ~[tomcat-embed-core-10.1.34.jar:10.1.34]
	at org.apache.catalina.core.StandardContextValve.invoke(StandardContextValve.java:90) ~[tomcat-embed-core-10.1.34.jar:10.1.34]
	at org.apache.catalina.authenticator.AuthenticatorBase.invoke(AuthenticatorBase.java:483) ~[tomcat-embed-core-10.1.34.jar:10.1.34]
	at org.apache.catalina.core.StandardHostValve.invoke(StandardHostValve.java:115) ~[tomcat-embed-core-10.1.34.jar:10.1.34]
	at org.apache.catalina.valves.ErrorReportValve.invoke(ErrorReportValve.java:93) ~[tomcat-embed-core-10.1.34.jar:10.1.34]
	at org.apache.catalina.core.StandardEngineValve.invoke(StandardEngineValve.java:74) ~[tomcat-embed-core-10.1.34.jar:10.1.34]
	at org.apache.catalina.connector.CoyoteAdapter.service(CoyoteAdapter.java:344) ~[tomcat-embed-core-10.1.34.jar:10.1.34]
	at org.apache.coyote.http11.Http11Processor.service(Http11Processor.java:397) ~[tomcat-embed-core-10.1.34.jar:10.1.34]
	at org.apache.coyote.AbstractProcessorLight.process(AbstractProcessorLight.java:63) ~[tomcat-embed-core-10.1.34.jar:10.1.34]
	at org.apache.coyote.AbstractProtocol$ConnectionHandler.process(AbstractProtocol.java:905) ~[tomcat-embed-core-10.1.34.jar:10.1.34]
	at org.apache.tomcat.util.net.NioEndpoint$SocketProcessor.doRun(NioEndpoint.java:1741) ~[tomcat-embed-core-10.1.34.jar:10.1.34]
	at org.apache.tomcat.util.net.SocketProcessorBase.run(SocketProcessorBase.java:52) ~[tomcat-embed-core-10.1.34.jar:10.1.34]
	at org.apache.tomcat.util.threads.ThreadPoolExecutor.runWorker(ThreadPoolExecutor.java:1190) ~[tomcat-embed-core-10.1.34.jar:10.1.34]
	at org.apache.tomcat.util.threads.ThreadPoolExecutor$Worker.run(ThreadPoolExecutor.java:659) ~[tomcat-embed-core-10.1.34.jar:10.1.34]
	at org.apache.tomcat.util.threads.TaskThread$WrappingRunnable.run(TaskThread.java:63) ~[tomcat-embed-core-10.1.34.jar:10.1.34]
	at java.base/java.lang.Thread.run(Thread.java:1583) ~[na:na]

2025-02-23T15:52:51.325+01:00  INFO 17684 --- [frontendEcommerce] [File Watcher] rtingClassPathChangeChangedEventListener : Restarting due to 1 class path change (0 additions, 0 deletions, 1 modification)
2025-02-23T15:52:51.327+01:00  INFO 17684 --- [frontendEcommerce] [Thread-13] o.s.b.w.e.tomcat.GracefulShutdown        : Commencing graceful shutdown. Waiting for active requests to complete
2025-02-23T15:52:51.349+01:00  INFO 17684 --- [frontendEcommerce] [tomcat-shutdown] o.s.b.w.e.tomcat.GracefulShutdown        : Graceful shutdown complete
2025-02-23T15:52:51.605+01:00  INFO 17684 --- [frontendEcommerce] [restartedMain] c.b.fe.FrontendEcommerceApplication      : Starting FrontendEcommerceApplication using Java 21.0.3 with PID 17684 (C:\Users\utente\Desktop\ProgettoBetacom\frontendEcommerce\target\classes started by utente in C:\Users\utente\Desktop\ProgettoBetacom\frontendEcommerce)
2025-02-23T15:52:51.606+01:00 DEBUG 17684 --- [frontendEcommerce] [restartedMain] c.b.fe.FrontendEcommerceApplication      : Running with Spring Boot v3.4.2, Spring v6.2.2
2025-02-23T15:52:51.607+01:00  INFO 17684 --- [frontendEcommerce] [restartedMain] c.b.fe.FrontendEcommerceApplication      : No active profile set, falling back to 1 default profile: "default"
2025-02-23T15:52:52.341+01:00  INFO 17684 --- [frontendEcommerce] [restartedMain] o.s.b.w.embedded.tomcat.TomcatWebServer  : Tomcat initialized with port 8080 (http)
2025-02-23T15:52:52.342+01:00  INFO 17684 --- [frontendEcommerce] [restartedMain] o.apache.catalina.core.StandardService   : Starting service [Tomcat]
2025-02-23T15:52:52.343+01:00  INFO 17684 --- [frontendEcommerce] [restartedMain] o.apache.catalina.core.StandardEngine    : Starting Servlet engine: [Apache Tomcat/10.1.34]
2025-02-23T15:52:52.422+01:00  INFO 17684 --- [frontendEcommerce] [restartedMain] o.a.c.c.C.[Tomcat].[localhost].[/]       : Initializing Spring embedded WebApplicationContext
2025-02-23T15:52:52.423+01:00  INFO 17684 --- [frontendEcommerce] [restartedMain] w.s.c.ServletWebServerApplicationContext : Root WebApplicationContext: initialization completed in 808 ms
2025-02-23T15:52:52.497+01:00 DEBUG 17684 --- [frontendEcommerce] [restartedMain] c.b.f.c.CustomUserDetailsService         : uri: http://localhost:9090/rest/utente/listSecurity
2025-02-23T15:52:52.611+01:00 DEBUG 17684 --- [frontendEcommerce] [restartedMain] c.b.f.c.CustomUserDetailsService         : loadUsers.....AndreaCarpe
2025-02-23T15:52:52.773+01:00 DEBUG 17684 --- [frontendEcommerce] [restartedMain] c.b.f.c.CustomUserDetailsService         : loadUsers.....salvati8
2025-02-23T15:52:52.913+01:00 DEBUG 17684 --- [frontendEcommerce] [restartedMain] c.b.f.c.CustomUserDetailsService         : loadUsers.....sss
2025-02-23T15:52:53.050+01:00 DEBUG 17684 --- [frontendEcommerce] [restartedMain] c.b.f.c.CustomUserDetailsService         : loadUsers.....ciaociao
2025-02-23T15:52:53.199+01:00 DEBUG 17684 --- [frontendEcommerce] [restartedMain] c.b.f.c.CustomUserDetailsService         : loadUsers.....carpe
2025-02-23T15:52:53.344+01:00 DEBUG 17684 --- [frontendEcommerce] [restartedMain] c.b.f.c.CustomUserDetailsService         : loadUsers.....Carpentieri98
2025-02-23T15:52:53.513+01:00 DEBUG 17684 --- [frontendEcommerce] [restartedMain] c.b.f.c.CustomUserDetailsService         : loadUsers.....Andrea98
2025-02-23T15:52:53.755+01:00  INFO 17684 --- [frontendEcommerce] [restartedMain] r$InitializeUserDetailsManagerConfigurer : Global AuthenticationManager configured with UserDetailsService bean with name inMemoryUserDetailsManager
2025-02-23T15:52:54.039+01:00  WARN 17684 --- [frontendEcommerce] [restartedMain] o.s.b.d.a.OptionalLiveReloadServer       : Unable to start LiveReload server
2025-02-23T15:52:54.084+01:00  INFO 17684 --- [frontendEcommerce] [restartedMain] o.s.b.w.embedded.tomcat.TomcatWebServer  : Tomcat started on port 8080 (http) with context path '/'
2025-02-23T15:52:54.093+01:00  INFO 17684 --- [frontendEcommerce] [restartedMain] c.b.fe.FrontendEcommerceApplication      : Started FrontendEcommerceApplication in 2.595 seconds (process running for 1468.868)
2025-02-23T15:52:54.095+01:00  INFO 17684 --- [frontendEcommerce] [restartedMain] .ConditionEvaluationDeltaLoggingListener : Condition evaluation unchanged
2025-02-23T15:54:19.588+01:00  INFO 17684 --- [frontendEcommerce] [File Watcher] rtingClassPathChangeChangedEventListener : Restarting due to 1 class path change (0 additions, 0 deletions, 1 modification)
2025-02-23T15:54:19.594+01:00  INFO 17684 --- [frontendEcommerce] [Thread-17] o.s.b.w.e.tomcat.GracefulShutdown        : Commencing graceful shutdown. Waiting for active requests to complete
2025-02-23T15:54:19.614+01:00  INFO 17684 --- [frontendEcommerce] [tomcat-shutdown] o.s.b.w.e.tomcat.GracefulShutdown        : Graceful shutdown complete
2025-02-23T15:54:19.823+01:00  INFO 17684 --- [frontendEcommerce] [restartedMain] c.b.fe.FrontendEcommerceApplication      : Starting FrontendEcommerceApplication using Java 21.0.3 with PID 17684 (C:\Users\utente\Desktop\ProgettoBetacom\frontendEcommerce\target\classes started by utente in C:\Users\utente\Desktop\ProgettoBetacom\frontendEcommerce)
2025-02-23T15:54:19.824+01:00 DEBUG 17684 --- [frontendEcommerce] [restartedMain] c.b.fe.FrontendEcommerceApplication      : Running with Spring Boot v3.4.2, Spring v6.2.2
2025-02-23T15:54:19.827+01:00  INFO 17684 --- [frontendEcommerce] [restartedMain] c.b.fe.FrontendEcommerceApplication      : No active profile set, falling back to 1 default profile: "default"
2025-02-23T15:54:20.741+01:00  INFO 17684 --- [frontendEcommerce] [restartedMain] o.s.b.w.embedded.tomcat.TomcatWebServer  : Tomcat initialized with port 8080 (http)
2025-02-23T15:54:20.742+01:00  INFO 17684 --- [frontendEcommerce] [restartedMain] o.apache.catalina.core.StandardService   : Starting service [Tomcat]
2025-02-23T15:54:20.742+01:00  INFO 17684 --- [frontendEcommerce] [restartedMain] o.apache.catalina.core.StandardEngine    : Starting Servlet engine: [Apache Tomcat/10.1.34]
2025-02-23T15:54:20.882+01:00  INFO 17684 --- [frontendEcommerce] [restartedMain] o.a.c.c.C.[Tomcat].[localhost].[/]       : Initializing Spring embedded WebApplicationContext
2025-02-23T15:54:20.884+01:00  INFO 17684 --- [frontendEcommerce] [restartedMain] w.s.c.ServletWebServerApplicationContext : Root WebApplicationContext: initialization completed in 1051 ms
2025-02-23T15:54:20.979+01:00 DEBUG 17684 --- [frontendEcommerce] [restartedMain] c.b.f.c.CustomUserDetailsService         : uri: http://localhost:9090/rest/utente/listSecurity
2025-02-23T15:54:21.098+01:00 DEBUG 17684 --- [frontendEcommerce] [restartedMain] c.b.f.c.CustomUserDetailsService         : loadUsers.....AndreaCarpe
2025-02-23T15:54:21.320+01:00 DEBUG 17684 --- [frontendEcommerce] [restartedMain] c.b.f.c.CustomUserDetailsService         : loadUsers.....salvati8
2025-02-23T15:54:21.462+01:00 DEBUG 17684 --- [frontendEcommerce] [restartedMain] c.b.f.c.CustomUserDetailsService         : loadUsers.....sss
2025-02-23T15:54:21.617+01:00 DEBUG 17684 --- [frontendEcommerce] [restartedMain] c.b.f.c.CustomUserDetailsService         : loadUsers.....ciaociao
2025-02-23T15:54:21.754+01:00 DEBUG 17684 --- [frontendEcommerce] [restartedMain] c.b.f.c.CustomUserDetailsService         : loadUsers.....carpe
2025-02-23T15:54:21.900+01:00 DEBUG 17684 --- [frontendEcommerce] [restartedMain] c.b.f.c.CustomUserDetailsService         : loadUsers.....Carpentieri98
2025-02-23T15:54:22.040+01:00 DEBUG 17684 --- [frontendEcommerce] [restartedMain] c.b.f.c.CustomUserDetailsService         : loadUsers.....Andrea98
2025-02-23T15:54:22.209+01:00  INFO 17684 --- [frontendEcommerce] [restartedMain] r$InitializeUserDetailsManagerConfigurer : Global AuthenticationManager configured with UserDetailsService bean with name inMemoryUserDetailsManager
2025-02-23T15:54:22.340+01:00  WARN 17684 --- [frontendEcommerce] [restartedMain] o.s.b.d.a.OptionalLiveReloadServer       : Unable to start LiveReload server
2025-02-23T15:54:22.359+01:00  INFO 17684 --- [frontendEcommerce] [restartedMain] o.s.b.w.embedded.tomcat.TomcatWebServer  : Tomcat started on port 8080 (http) with context path '/'
2025-02-23T15:54:22.364+01:00  INFO 17684 --- [frontendEcommerce] [restartedMain] c.b.fe.FrontendEcommerceApplication      : Started FrontendEcommerceApplication in 2.619 seconds (process running for 1557.14)
2025-02-23T15:54:22.366+01:00  INFO 17684 --- [frontendEcommerce] [restartedMain] .ConditionEvaluationDeltaLoggingListener : Condition evaluation unchanged
2025-02-23T15:54:56.585+01:00  INFO 17684 --- [frontendEcommerce] [File Watcher] rtingClassPathChangeChangedEventListener : Restarting due to 1 class path change (0 additions, 0 deletions, 1 modification)
2025-02-23T15:54:56.589+01:00  INFO 17684 --- [frontendEcommerce] [Thread-21] o.s.b.w.e.tomcat.GracefulShutdown        : Commencing graceful shutdown. Waiting for active requests to complete
2025-02-23T15:54:56.616+01:00  INFO 17684 --- [frontendEcommerce] [tomcat-shutdown] o.s.b.w.e.tomcat.GracefulShutdown        : Graceful shutdown complete
2025-02-23T15:54:57.009+01:00  INFO 17684 --- [frontendEcommerce] [restartedMain] c.b.fe.FrontendEcommerceApplication      : Starting FrontendEcommerceApplication using Java 21.0.3 with PID 17684 (C:\Users\utente\Desktop\ProgettoBetacom\frontendEcommerce\target\classes started by utente in C:\Users\utente\Desktop\ProgettoBetacom\frontendEcommerce)
2025-02-23T15:54:57.009+01:00 DEBUG 17684 --- [frontendEcommerce] [restartedMain] c.b.fe.FrontendEcommerceApplication      : Running with Spring Boot v3.4.2, Spring v6.2.2
2025-02-23T15:54:57.010+01:00  INFO 17684 --- [frontendEcommerce] [restartedMain] c.b.fe.FrontendEcommerceApplication      : No active profile set, falling back to 1 default profile: "default"
2025-02-23T15:54:57.730+01:00  INFO 17684 --- [frontendEcommerce] [restartedMain] o.s.b.w.embedded.tomcat.TomcatWebServer  : Tomcat initialized with port 8080 (http)
2025-02-23T15:54:57.732+01:00  INFO 17684 --- [frontendEcommerce] [restartedMain] o.apache.catalina.core.StandardService   : Starting service [Tomcat]
2025-02-23T15:54:57.732+01:00  INFO 17684 --- [frontendEcommerce] [restartedMain] o.apache.catalina.core.StandardEngine    : Starting Servlet engine: [Apache Tomcat/10.1.34]
2025-02-23T15:54:57.790+01:00  INFO 17684 --- [frontendEcommerce] [restartedMain] o.a.c.c.C.[Tomcat].[localhost].[/]       : Initializing Spring embedded WebApplicationContext
2025-02-23T15:54:57.790+01:00  INFO 17684 --- [frontendEcommerce] [restartedMain] w.s.c.ServletWebServerApplicationContext : Root WebApplicationContext: initialization completed in 768 ms
2025-02-23T15:54:57.832+01:00 DEBUG 17684 --- [frontendEcommerce] [restartedMain] c.b.f.c.CustomUserDetailsService         : uri: http://localhost:9090/rest/utente/listSecurity
2025-02-23T15:54:57.897+01:00 DEBUG 17684 --- [frontendEcommerce] [restartedMain] c.b.f.c.CustomUserDetailsService         : loadUsers.....AndreaCarpe
2025-02-23T15:54:58.059+01:00 DEBUG 17684 --- [frontendEcommerce] [restartedMain] c.b.f.c.CustomUserDetailsService         : loadUsers.....salvati8
2025-02-23T15:54:58.205+01:00 DEBUG 17684 --- [frontendEcommerce] [restartedMain] c.b.f.c.CustomUserDetailsService         : loadUsers.....sss
2025-02-23T15:54:58.360+01:00 DEBUG 17684 --- [frontendEcommerce] [restartedMain] c.b.f.c.CustomUserDetailsService         : loadUsers.....ciaociao
2025-02-23T15:54:58.573+01:00 DEBUG 17684 --- [frontendEcommerce] [restartedMain] c.b.f.c.CustomUserDetailsService         : loadUsers.....carpe
2025-02-23T15:54:58.730+01:00 DEBUG 17684 --- [frontendEcommerce] [restartedMain] c.b.f.c.CustomUserDetailsService         : loadUsers.....Carpentieri98
2025-02-23T15:54:58.872+01:00 DEBUG 17684 --- [frontendEcommerce] [restartedMain] c.b.f.c.CustomUserDetailsService         : loadUsers.....Andrea98
2025-02-23T15:54:59.042+01:00  INFO 17684 --- [frontendEcommerce] [restartedMain] r$InitializeUserDetailsManagerConfigurer : Global AuthenticationManager configured with UserDetailsService bean with name inMemoryUserDetailsManager
2025-02-23T15:54:59.182+01:00  WARN 17684 --- [frontendEcommerce] [restartedMain] o.s.b.d.a.OptionalLiveReloadServer       : Unable to start LiveReload server
2025-02-23T15:54:59.196+01:00  INFO 17684 --- [frontendEcommerce] [restartedMain] o.s.b.w.embedded.tomcat.TomcatWebServer  : Tomcat started on port 8080 (http) with context path '/'
2025-02-23T15:54:59.200+01:00  INFO 17684 --- [frontendEcommerce] [restartedMain] c.b.fe.FrontendEcommerceApplication      : Started FrontendEcommerceApplication in 2.309 seconds (process running for 1593.976)
2025-02-23T15:54:59.202+01:00  INFO 17684 --- [frontendEcommerce] [restartedMain] .ConditionEvaluationDeltaLoggingListener : Condition evaluation unchanged
2025-02-23T15:55:36.589+01:00  INFO 17684 --- [frontendEcommerce] [File Watcher] rtingClassPathChangeChangedEventListener : Restarting due to 1 class path change (0 additions, 0 deletions, 1 modification)
2025-02-23T15:55:36.591+01:00  INFO 17684 --- [frontendEcommerce] [Thread-25] o.s.b.w.e.tomcat.GracefulShutdown        : Commencing graceful shutdown. Waiting for active requests to complete
2025-02-23T15:55:36.609+01:00  INFO 17684 --- [frontendEcommerce] [tomcat-shutdown] o.s.b.w.e.tomcat.GracefulShutdown        : Graceful shutdown complete
2025-02-23T15:55:36.859+01:00  INFO 17684 --- [frontendEcommerce] [restartedMain] c.b.fe.FrontendEcommerceApplication      : Starting FrontendEcommerceApplication using Java 21.0.3 with PID 17684 (C:\Users\utente\Desktop\ProgettoBetacom\frontendEcommerce\target\classes started by utente in C:\Users\utente\Desktop\ProgettoBetacom\frontendEcommerce)
2025-02-23T15:55:36.861+01:00 DEBUG 17684 --- [frontendEcommerce] [restartedMain] c.b.fe.FrontendEcommerceApplication      : Running with Spring Boot v3.4.2, Spring v6.2.2
2025-02-23T15:55:36.861+01:00  INFO 17684 --- [frontendEcommerce] [restartedMain] c.b.fe.FrontendEcommerceApplication      : No active profile set, falling back to 1 default profile: "default"
2025-02-23T15:55:37.792+01:00  INFO 17684 --- [frontendEcommerce] [restartedMain] o.s.b.w.embedded.tomcat.TomcatWebServer  : Tomcat initialized with port 8080 (http)
2025-02-23T15:55:37.794+01:00  INFO 17684 --- [frontendEcommerce] [restartedMain] o.apache.catalina.core.StandardService   : Starting service [Tomcat]
2025-02-23T15:55:37.795+01:00  INFO 17684 --- [frontendEcommerce] [restartedMain] o.apache.catalina.core.StandardEngine    : Starting Servlet engine: [Apache Tomcat/10.1.34]
2025-02-23T15:55:37.890+01:00  INFO 17684 --- [frontendEcommerce] [restartedMain] o.a.c.c.C.[Tomcat].[localhost].[/]       : Initializing Spring embedded WebApplicationContext
2025-02-23T15:55:37.890+01:00  INFO 17684 --- [frontendEcommerce] [restartedMain] w.s.c.ServletWebServerApplicationContext : Root WebApplicationContext: initialization completed in 1023 ms
2025-02-23T15:55:37.944+01:00 DEBUG 17684 --- [frontendEcommerce] [restartedMain] c.b.f.c.CustomUserDetailsService         : uri: http://localhost:9090/rest/utente/listSecurity
2025-02-23T15:55:38.023+01:00 DEBUG 17684 --- [frontendEcommerce] [restartedMain] c.b.f.c.CustomUserDetailsService         : loadUsers.....AndreaCarpe
2025-02-23T15:55:38.185+01:00 DEBUG 17684 --- [frontendEcommerce] [restartedMain] c.b.f.c.CustomUserDetailsService         : loadUsers.....salvati8
2025-02-23T15:55:38.344+01:00 DEBUG 17684 --- [frontendEcommerce] [restartedMain] c.b.f.c.CustomUserDetailsService         : loadUsers.....sss
2025-02-23T15:55:38.493+01:00 DEBUG 17684 --- [frontendEcommerce] [restartedMain] c.b.f.c.CustomUserDetailsService         : loadUsers.....ciaociao
2025-02-23T15:55:38.637+01:00 DEBUG 17684 --- [frontendEcommerce] [restartedMain] c.b.f.c.CustomUserDetailsService         : loadUsers.....carpe
2025-02-23T15:55:38.778+01:00 DEBUG 17684 --- [frontendEcommerce] [restartedMain] c.b.f.c.CustomUserDetailsService         : loadUsers.....Carpentieri98
2025-02-23T15:55:38.925+01:00 DEBUG 17684 --- [frontendEcommerce] [restartedMain] c.b.f.c.CustomUserDetailsService         : loadUsers.....Andrea98
2025-02-23T15:55:39.253+01:00  INFO 17684 --- [frontendEcommerce] [restartedMain] r$InitializeUserDetailsManagerConfigurer : Global AuthenticationManager configured with UserDetailsService bean with name inMemoryUserDetailsManager
2025-02-23T15:55:39.440+01:00  WARN 17684 --- [frontendEcommerce] [restartedMain] o.s.b.d.a.OptionalLiveReloadServer       : Unable to start LiveReload server
2025-02-23T15:55:39.462+01:00  INFO 17684 --- [frontendEcommerce] [restartedMain] o.s.b.w.embedded.tomcat.TomcatWebServer  : Tomcat started on port 8080 (http) with context path '/'
2025-02-23T15:55:39.467+01:00  INFO 17684 --- [frontendEcommerce] [restartedMain] c.b.fe.FrontendEcommerceApplication      : Started FrontendEcommerceApplication in 2.721 seconds (process running for 1634.243)
2025-02-23T15:55:39.470+01:00  INFO 17684 --- [frontendEcommerce] [restartedMain] .ConditionEvaluationDeltaLoggingListener : Condition evaluation unchanged
2025-02-23T16:00:48.156+01:00  INFO 17684 --- [frontendEcommerce] [http-nio-8080-exec-1] o.a.c.c.C.[Tomcat].[localhost].[/]       : Initializing Spring DispatcherServlet 'dispatcherServlet'
2025-02-23T16:00:48.157+01:00  INFO 17684 --- [frontendEcommerce] [http-nio-8080-exec-1] o.s.web.servlet.DispatcherServlet        : Initializing Servlet 'dispatcherServlet'
2025-02-23T16:00:48.159+01:00  INFO 17684 --- [frontendEcommerce] [http-nio-8080-exec-1] o.s.web.servlet.DispatcherServlet        : Completed initialization in 2 ms
2025-02-23T16:00:51.326+01:00 DEBUG 17684 --- [frontendEcommerce] [http-nio-8080-exec-3] c.b.fe.controller.CarrelloController     : Recupero ID per utente: salvati8
2025-02-23T16:00:51.611+01:00 DEBUG 17684 --- [frontendEcommerce] [http-nio-8080-exec-3] c.b.fe.controller.CarrelloController     : URI: http://localhost:9090/rest/carrello/lista?utenteId=2
2025-02-23T16:00:51.683+01:00 DEBUG 17684 --- [frontendEcommerce] [http-nio-8080-exec-3] c.b.fe.controller.CarrelloController     : Carrelli: [{id=1, quantita=0, prezzo=0.0, carrelloProdotti=[]}]
2025-02-23T16:00:55.154+01:00 DEBUG 17684 --- [frontendEcommerce] [http-nio-8080-exec-8] c.b.fe.controller.UtenteController       : URI: http://localhost:9090/rest/utente/listByUsername?userName=salvati8
2025-02-23T16:01:35.714+01:00 DEBUG 17684 --- [frontendEcommerce] [http-nio-8080-exec-8] c.betacom.fe.controller.AdminController  : URI: http://localhost:9090/rest/ordine/list
2025-02-23T16:01:40.448+01:00 DEBUG 17684 --- [frontendEcommerce] [http-nio-8080-exec-5] c.betacom.fe.controller.AdminController  : URI: http://localhost:9090/rest/prodotto/list
2025-02-23T16:02:30.101+01:00 DEBUG 17684 --- [frontendEcommerce] [http-nio-8080-exec-9] c.b.fe.controller.ProdottoController     : URI: http://localhost:9090/rest/prodotto/listById?id=14
2025-02-23T16:02:35.421+01:00 DEBUG 17684 --- [frontendEcommerce] [http-nio-8080-exec-1] c.b.fe.controller.CarrelloController     : Recupero ID per utente: Andrea98
2025-02-23T16:02:35.441+01:00 DEBUG 17684 --- [frontendEcommerce] [http-nio-8080-exec-1] c.b.fe.controller.CarrelloController     : URI: http://localhost:9090/rest/carrello/lista?utenteId=8
2025-02-23T16:02:35.465+01:00 DEBUG 17684 --- [frontendEcommerce] [http-nio-8080-exec-1] c.b.fe.controller.CarrelloController     : Carrelli: [{id=7, quantita=0, prezzo=0.0, carrelloProdotti=[]}]
2025-02-23T16:02:48.263+01:00 DEBUG 17684 --- [frontendEcommerce] [http-nio-8080-exec-1] c.betacom.fe.controller.ControllerDonna  : Uri: http://localhost:9090/rest/prodotto/listByCategoria/donna
2025-02-23T16:02:52.299+01:00 DEBUG 17684 --- [frontendEcommerce] [http-nio-8080-exec-5] c.b.fe.controller.CarrelloController     : Recupero ID per utente: salvati8
2025-02-23T16:02:52.329+01:00 DEBUG 17684 --- [frontendEcommerce] [http-nio-8080-exec-5] c.b.fe.controller.CarrelloController     : URI: http://localhost:9090/rest/carrello/lista?utenteId=2
2025-02-23T16:02:52.354+01:00 DEBUG 17684 --- [frontendEcommerce] [http-nio-8080-exec-5] c.b.fe.controller.CarrelloController     : Carrelli: [{id=1, quantita=0, prezzo=0.0, carrelloProdotti=[]}]
2025-02-23T16:03:04.089+01:00 DEBUG 17684 --- [frontendEcommerce] [http-nio-8080-exec-9] c.betacom.fe.controller.ControllerDonna  : Uri: http://localhost:9090/rest/prodotto/listByCategoria/donna
2025-02-23T16:04:38.303+01:00 DEBUG 17684 --- [frontendEcommerce] [http-nio-8080-exec-4] c.betacom.fe.controller.ControllerDonna  : Uri: http://localhost:9090/rest/prodotto/listByCategoria/donna
2025-02-23T16:04:41.386+01:00 DEBUG 17684 --- [frontendEcommerce] [http-nio-8080-exec-7] c.b.fe.controller.CarrelloController     : Recupero ID per utente: salvati8
2025-02-23T16:04:41.409+01:00 DEBUG 17684 --- [frontendEcommerce] [http-nio-8080-exec-7] c.b.fe.controller.CarrelloController     : URI: http://localhost:9090/rest/carrello/lista?utenteId=2
2025-02-23T16:04:41.431+01:00 DEBUG 17684 --- [frontendEcommerce] [http-nio-8080-exec-7] c.b.fe.controller.CarrelloController     : Carrelli: [{id=1, quantita=0, prezzo=0.0, carrelloProdotti=[]}]
2025-02-23T16:04:47.212+01:00 DEBUG 17684 --- [frontendEcommerce] [http-nio-8080-exec-4] c.b.fe.controller.ProdottoController     : URI: http://localhost:9090/rest/prodotto/listById?id=14
2025-02-23T16:06:02.838+01:00 DEBUG 17684 --- [frontendEcommerce] [http-nio-8080-exec-10] c.betacom.fe.controller.ControllerDonna  : Uri: http://localhost:9090/rest/prodotto/listByCategoria/donna
